2023-04-23T16:42:31.297+03:00  INFO 13088 --- [main] c.example.security.DemoApplicationTests  : Starting DemoApplicationTests using Java 17.0.7 with PID 13088 (started by Denis in C:\Facultate\AnII sem 2\IP\be-labs-and-courses-management\signInModule)
2023-04-23T16:42:31.299+03:00  INFO 13088 --- [main] c.example.security.DemoApplicationTests  : No active profile set, falling back to 1 default profile: "default"
2023-04-23T16:42:31.947+03:00  INFO 13088 --- [main] .s.d.r.c.RepositoryConfigurationDelegate : Bootstrapping Spring Data JPA repositories in DEFAULT mode.
2023-04-23T16:42:32.004+03:00  INFO 13088 --- [main] .s.d.r.c.RepositoryConfigurationDelegate : Finished Spring Data repository scanning in 47 ms. Found 2 JPA repository interfaces.
2023-04-23T16:42:32.513+03:00  INFO 13088 --- [main] o.hibernate.jpa.internal.util.LogHelper  : HHH000204: Processing PersistenceUnitInfo [name: default]
2023-04-23T16:42:32.563+03:00  INFO 13088 --- [main] org.hibernate.Version                    : HHH000412: Hibernate ORM core version 6.1.7.Final
2023-04-23T16:42:32.766+03:00  INFO 13088 --- [main] com.zaxxer.hikari.HikariDataSource       : HikariPool-1 - Starting...
2023-04-23T16:42:32.951+03:00  INFO 13088 --- [main] com.zaxxer.hikari.pool.HikariPool        : HikariPool-1 - Added connection org.postgresql.jdbc.PgConnection@752494dd
2023-04-23T16:42:32.953+03:00  INFO 13088 --- [main] com.zaxxer.hikari.HikariDataSource       : HikariPool-1 - Start completed.
2023-04-23T16:42:32.980+03:00  INFO 13088 --- [main] SQL dialect                              : HHH000400: Using dialect: org.hibernate.dialect.PostgreSQLDialect
2023-04-23T16:42:33.695+03:00  INFO 13088 --- [main] o.h.e.t.j.p.i.JtaPlatformInitiator       : HHH000490: Using JtaPlatform implementation: [org.hibernate.engine.transaction.jta.platform.internal.NoJtaPlatform]
2023-04-23T16:42:33.702+03:00  INFO 13088 --- [main] j.LocalContainerEntityManagerFactoryBean : Initialized JPA EntityManagerFactory for persistence unit 'default'
2023-04-23T16:42:34.223+03:00  WARN 13088 --- [main] JpaBaseConfiguration$JpaWebConfiguration : spring.jpa.open-in-view is enabled by default. Therefore, database queries may be performed during view rendering. Explicitly configure spring.jpa.open-in-view to disable this warning
2023-04-23T16:42:34.350+03:00  INFO 13088 --- [main] o.s.b.a.w.s.WelcomePageHandlerMapping    : Adding welcome page: class path resource [static/index.html]
2023-04-23T16:42:35.360+03:00  INFO 13088 --- [main] o.s.s.web.DefaultSecurityFilterChain     : Will secure any request with [org.springframework.security.web.session.DisableEncodeUrlFilter@34947355, org.springframework.security.web.context.request.async.WebAsyncManagerIntegrationFilter@62ad5f35, org.springframework.security.web.context.SecurityContextHolderFilter@4f5d7091, org.springframework.security.web.header.HeaderWriterFilter@7d5176d6, org.springframework.security.web.authentication.logout.LogoutFilter@5dfb65d5, com.example.security.security.JwtAuthenticationFilter@7385a72f, org.springframework.security.web.authentication.www.BasicAuthenticationFilter@65067d37, org.springframework.security.web.savedrequest.RequestCacheAwareFilter@128ebca1, org.springframework.security.web.servletapi.SecurityContextHolderAwareRequestFilter@2a728076, org.springframework.security.web.authentication.AnonymousAuthenticationFilter@5e6ad84c, org.springframework.security.web.session.SessionManagementFilter@7057d9f4, org.springframework.security.web.access.ExceptionTranslationFilter@70a8654, org.springframework.security.web.access.intercept.AuthorizationFilter@4e6add8d]
2023-04-23T16:42:35.709+03:00  INFO 13088 --- [main] c.example.security.DemoApplicationTests  : Started DemoApplicationTests in 4.679 seconds (process running for 5.983)
2023-04-23T16:42:35.760+03:00  INFO 13088 --- [SpringApplicationShutdownHook] j.LocalContainerEntityManagerFactoryBean : Closing JPA EntityManagerFactory for persistence unit 'default'
2023-04-23T16:42:35.763+03:00  INFO 13088 --- [SpringApplicationShutdownHook] com.zaxxer.hikari.HikariDataSource       : HikariPool-1 - Shutdown initiated...
2023-04-23T16:42:35.769+03:00  INFO 13088 --- [SpringApplicationShutdownHook] com.zaxxer.hikari.HikariDataSource       : HikariPool-1 - Shutdown completed.
2023-04-23T16:43:58.103+03:00  INFO 18460 --- [main] c.example.security.DemoApplicationTests  : Starting DemoApplicationTests using Java 17.0.7 with PID 18460 (started by Denis in C:\Facultate\AnII sem 2\IP\be-labs-and-courses-management\signInModule)
2023-04-23T16:43:58.106+03:00  INFO 18460 --- [main] c.example.security.DemoApplicationTests  : No active profile set, falling back to 1 default profile: "default"
2023-04-23T16:43:58.737+03:00  INFO 18460 --- [main] .s.d.r.c.RepositoryConfigurationDelegate : Bootstrapping Spring Data JPA repositories in DEFAULT mode.
2023-04-23T16:43:58.792+03:00  INFO 18460 --- [main] .s.d.r.c.RepositoryConfigurationDelegate : Finished Spring Data repository scanning in 47 ms. Found 2 JPA repository interfaces.
2023-04-23T16:43:59.279+03:00  INFO 18460 --- [main] o.hibernate.jpa.internal.util.LogHelper  : HHH000204: Processing PersistenceUnitInfo [name: default]
2023-04-23T16:43:59.334+03:00  INFO 18460 --- [main] org.hibernate.Version                    : HHH000412: Hibernate ORM core version 6.1.7.Final
2023-04-23T16:43:59.521+03:00  INFO 18460 --- [main] com.zaxxer.hikari.HikariDataSource       : HikariPool-1 - Starting...
2023-04-23T16:43:59.710+03:00  INFO 18460 --- [main] com.zaxxer.hikari.pool.HikariPool        : HikariPool-1 - Added connection org.postgresql.jdbc.PgConnection@644b68ad
2023-04-23T16:43:59.712+03:00  INFO 18460 --- [main] com.zaxxer.hikari.HikariDataSource       : HikariPool-1 - Start completed.
2023-04-23T16:43:59.739+03:00  INFO 18460 --- [main] SQL dialect                              : HHH000400: Using dialect: org.hibernate.dialect.PostgreSQLDialect
2023-04-23T16:44:00.393+03:00  INFO 18460 --- [main] o.h.e.t.j.p.i.JtaPlatformInitiator       : HHH000490: Using JtaPlatform implementation: [org.hibernate.engine.transaction.jta.platform.internal.NoJtaPlatform]
2023-04-23T16:44:00.401+03:00  INFO 18460 --- [main] j.LocalContainerEntityManagerFactoryBean : Initialized JPA EntityManagerFactory for persistence unit 'default'
2023-04-23T16:44:00.864+03:00  WARN 18460 --- [main] JpaBaseConfiguration$JpaWebConfiguration : spring.jpa.open-in-view is enabled by default. Therefore, database queries may be performed during view rendering. Explicitly configure spring.jpa.open-in-view to disable this warning
2023-04-23T16:44:00.971+03:00  INFO 18460 --- [main] o.s.b.a.w.s.WelcomePageHandlerMapping    : Adding welcome page: class path resource [static/index.html]
2023-04-23T16:44:01.659+03:00  INFO 18460 --- [main] o.s.s.web.DefaultSecurityFilterChain     : Will secure any request with [org.springframework.security.web.session.DisableEncodeUrlFilter@281d3ce7, org.springframework.security.web.context.request.async.WebAsyncManagerIntegrationFilter@fdfd984, org.springframework.security.web.context.SecurityContextHolderFilter@a3f1f32, org.springframework.security.web.header.HeaderWriterFilter@24347d8b, org.springframework.security.web.authentication.logout.LogoutFilter@4e6add8d, com.example.security.security.JwtAuthenticationFilter@19ce597a, org.springframework.security.web.authentication.www.BasicAuthenticationFilter@568e2d65, org.springframework.security.web.savedrequest.RequestCacheAwareFilter@580a5b6e, org.springframework.security.web.servletapi.SecurityContextHolderAwareRequestFilter@14927cd4, org.springframework.security.web.authentication.AnonymousAuthenticationFilter@45e49d3d, org.springframework.security.web.session.SessionManagementFilter@10efb806, org.springframework.security.web.access.ExceptionTranslationFilter@1d6ed085, org.springframework.security.web.access.intercept.AuthorizationFilter@490f2fad]
2023-04-23T16:44:02.003+03:00  INFO 18460 --- [main] c.example.security.DemoApplicationTests  : Started DemoApplicationTests in 4.166 seconds (process running for 5.429)
2023-04-23T16:44:02.044+03:00  INFO 18460 --- [SpringApplicationShutdownHook] j.LocalContainerEntityManagerFactoryBean : Closing JPA EntityManagerFactory for persistence unit 'default'
2023-04-23T16:44:02.048+03:00  INFO 18460 --- [SpringApplicationShutdownHook] com.zaxxer.hikari.HikariDataSource       : HikariPool-1 - Shutdown initiated...
2023-04-23T16:44:02.052+03:00  INFO 18460 --- [SpringApplicationShutdownHook] com.zaxxer.hikari.HikariDataSource       : HikariPool-1 - Shutdown completed.
2023-04-23T16:45:55.119+03:00  INFO 3592 --- [main] c.example.security.DemoApplicationTests  : Starting DemoApplicationTests using Java 17.0.7 with PID 3592 (started by Denis in C:\Facultate\AnII sem 2\IP\be-labs-and-courses-management\signInModule)
2023-04-23T16:45:55.121+03:00  INFO 3592 --- [main] c.example.security.DemoApplicationTests  : No active profile set, falling back to 1 default profile: "default"
2023-04-23T16:45:55.790+03:00  INFO 3592 --- [main] .s.d.r.c.RepositoryConfigurationDelegate : Bootstrapping Spring Data JPA repositories in DEFAULT mode.
2023-04-23T16:45:55.847+03:00  INFO 3592 --- [main] .s.d.r.c.RepositoryConfigurationDelegate : Finished Spring Data repository scanning in 49 ms. Found 2 JPA repository interfaces.
2023-04-23T16:45:56.345+03:00  INFO 3592 --- [main] o.hibernate.jpa.internal.util.LogHelper  : HHH000204: Processing PersistenceUnitInfo [name: default]
2023-04-23T16:45:56.408+03:00  INFO 3592 --- [main] org.hibernate.Version                    : HHH000412: Hibernate ORM core version 6.1.7.Final
2023-04-23T16:45:56.655+03:00  INFO 3592 --- [main] com.zaxxer.hikari.HikariDataSource       : HikariPool-1 - Starting...
2023-04-23T16:45:56.880+03:00  INFO 3592 --- [main] com.zaxxer.hikari.pool.HikariPool        : HikariPool-1 - Added connection org.postgresql.jdbc.PgConnection@6d7e2795
2023-04-23T16:45:56.882+03:00  INFO 3592 --- [main] com.zaxxer.hikari.HikariDataSource       : HikariPool-1 - Start completed.
2023-04-23T16:45:56.909+03:00  INFO 3592 --- [main] SQL dialect                              : HHH000400: Using dialect: org.hibernate.dialect.PostgreSQLDialect
2023-04-23T16:45:57.726+03:00  INFO 3592 --- [main] o.h.e.t.j.p.i.JtaPlatformInitiator       : HHH000490: Using JtaPlatform implementation: [org.hibernate.engine.transaction.jta.platform.internal.NoJtaPlatform]
2023-04-23T16:45:57.735+03:00  INFO 3592 --- [main] j.LocalContainerEntityManagerFactoryBean : Initialized JPA EntityManagerFactory for persistence unit 'default'
2023-04-23T16:45:58.222+03:00  WARN 3592 --- [main] JpaBaseConfiguration$JpaWebConfiguration : spring.jpa.open-in-view is enabled by default. Therefore, database queries may be performed during view rendering. Explicitly configure spring.jpa.open-in-view to disable this warning
2023-04-23T16:45:58.316+03:00  INFO 3592 --- [main] o.s.b.a.w.s.WelcomePageHandlerMapping    : Adding welcome page: class path resource [static/index.html]
2023-04-23T16:45:59.041+03:00  INFO 3592 --- [main] o.s.s.web.DefaultSecurityFilterChain     : Will secure any request with [org.springframework.security.web.session.DisableEncodeUrlFilter@1ec98548, org.springframework.security.web.context.request.async.WebAsyncManagerIntegrationFilter@14927cd4, org.springframework.security.web.context.SecurityContextHolderFilter@1b9cfc19, org.springframework.security.web.header.HeaderWriterFilter@1d7f2719, org.springframework.security.web.authentication.logout.LogoutFilter@66ab3716, com.example.security.security.JwtAuthenticationFilter@3445341, org.springframework.security.web.authentication.www.BasicAuthenticationFilter@580a5b6e, org.springframework.security.web.savedrequest.RequestCacheAwareFilter@2e68bd3d, org.springframework.security.web.servletapi.SecurityContextHolderAwareRequestFilter@25cef4b3, org.springframework.security.web.authentication.AnonymousAuthenticationFilter@5a106b26, org.springframework.security.web.session.SessionManagementFilter@2cc82c83, org.springframework.security.web.access.ExceptionTranslationFilter@59b43e35, org.springframework.security.web.access.intercept.AuthorizationFilter@530ee11a]
2023-04-23T16:45:59.371+03:00  INFO 3592 --- [main] c.example.security.DemoApplicationTests  : Started DemoApplicationTests in 4.507 seconds (process running for 5.896)
2023-04-23T16:45:59.411+03:00  INFO 3592 --- [SpringApplicationShutdownHook] j.LocalContainerEntityManagerFactoryBean : Closing JPA EntityManagerFactory for persistence unit 'default'
2023-04-23T16:45:59.414+03:00  INFO 3592 --- [SpringApplicationShutdownHook] com.zaxxer.hikari.HikariDataSource       : HikariPool-1 - Shutdown initiated...
2023-04-23T16:45:59.418+03:00  INFO 3592 --- [SpringApplicationShutdownHook] com.zaxxer.hikari.HikariDataSource       : HikariPool-1 - Shutdown completed.
2023-04-23T16:47:09.584+03:00  INFO 19956 --- [main] c.example.security.DemoApplicationTests  : Starting DemoApplicationTests using Java 17.0.7 with PID 19956 (started by Denis in C:\Facultate\AnII sem 2\IP\be-labs-and-courses-management\signInModule)
2023-04-23T16:47:09.587+03:00  INFO 19956 --- [main] c.example.security.DemoApplicationTests  : No active profile set, falling back to 1 default profile: "default"
2023-04-23T16:47:10.307+03:00  INFO 19956 --- [main] .s.d.r.c.RepositoryConfigurationDelegate : Bootstrapping Spring Data JPA repositories in DEFAULT mode.
2023-04-23T16:47:10.370+03:00  INFO 19956 --- [main] .s.d.r.c.RepositoryConfigurationDelegate : Finished Spring Data repository scanning in 55 ms. Found 2 JPA repository interfaces.
2023-04-23T16:47:10.895+03:00  INFO 19956 --- [main] o.hibernate.jpa.internal.util.LogHelper  : HHH000204: Processing PersistenceUnitInfo [name: default]
2023-04-23T16:47:10.952+03:00  INFO 19956 --- [main] org.hibernate.Version                    : HHH000412: Hibernate ORM core version 6.1.7.Final
2023-04-23T16:47:11.134+03:00  INFO 19956 --- [main] com.zaxxer.hikari.HikariDataSource       : HikariPool-1 - Starting...
2023-04-23T16:47:11.297+03:00  INFO 19956 --- [main] com.zaxxer.hikari.pool.HikariPool        : HikariPool-1 - Added connection org.postgresql.jdbc.PgConnection@a7ae340
2023-04-23T16:47:11.300+03:00  INFO 19956 --- [main] com.zaxxer.hikari.HikariDataSource       : HikariPool-1 - Start completed.
2023-04-23T16:47:11.334+03:00  INFO 19956 --- [main] SQL dialect                              : HHH000400: Using dialect: org.hibernate.dialect.PostgreSQLDialect
2023-04-23T16:47:12.163+03:00  INFO 19956 --- [main] o.h.e.t.j.p.i.JtaPlatformInitiator       : HHH000490: Using JtaPlatform implementation: [org.hibernate.engine.transaction.jta.platform.internal.NoJtaPlatform]
2023-04-23T16:47:12.170+03:00  INFO 19956 --- [main] j.LocalContainerEntityManagerFactoryBean : Initialized JPA EntityManagerFactory for persistence unit 'default'
2023-04-23T16:47:12.660+03:00  WARN 19956 --- [main] JpaBaseConfiguration$JpaWebConfiguration : spring.jpa.open-in-view is enabled by default. Therefore, database queries may be performed during view rendering. Explicitly configure spring.jpa.open-in-view to disable this warning
2023-04-23T16:47:12.778+03:00  INFO 19956 --- [main] o.s.b.a.w.s.WelcomePageHandlerMapping    : Adding welcome page: class path resource [static/index.html]
2023-04-23T16:47:13.525+03:00  INFO 19956 --- [main] o.s.s.web.DefaultSecurityFilterChain     : Will secure any request with [org.springframework.security.web.session.DisableEncodeUrlFilter@14af9f51, org.springframework.security.web.context.request.async.WebAsyncManagerIntegrationFilter@2bfe4df9, org.springframework.security.web.context.SecurityContextHolderFilter@bb896e9, org.springframework.security.web.header.HeaderWriterFilter@75a5a912, org.springframework.security.web.authentication.logout.LogoutFilter@18b88f7, com.example.security.security.JwtAuthenticationFilter@798d8247, org.springframework.security.web.authentication.www.BasicAuthenticationFilter@4a5eb613, org.springframework.security.web.savedrequest.RequestCacheAwareFilter@77da2881, org.springframework.security.web.servletapi.SecurityContextHolderAwareRequestFilter@4c90fc3b, org.springframework.security.web.authentication.AnonymousAuthenticationFilter@4f466207, org.springframework.security.web.session.SessionManagementFilter@66e44f9f, org.springframework.security.web.access.ExceptionTranslationFilter@16ca4532, org.springframework.security.web.access.intercept.AuthorizationFilter@67fda9fb]
2023-04-23T16:47:13.880+03:00  INFO 19956 --- [main] c.example.security.DemoApplicationTests  : Started DemoApplicationTests in 4.573 seconds (process running for 6.017)
2023-04-23T16:47:13.930+03:00  INFO 19956 --- [SpringApplicationShutdownHook] j.LocalContainerEntityManagerFactoryBean : Closing JPA EntityManagerFactory for persistence unit 'default'
2023-04-23T16:47:13.933+03:00  INFO 19956 --- [SpringApplicationShutdownHook] com.zaxxer.hikari.HikariDataSource       : HikariPool-1 - Shutdown initiated...
2023-04-23T16:47:13.937+03:00  INFO 19956 --- [SpringApplicationShutdownHook] com.zaxxer.hikari.HikariDataSource       : HikariPool-1 - Shutdown completed.
2023-04-23T16:49:22.045+03:00  INFO 10180 --- [main] c.example.security.DemoApplicationTests  : Starting DemoApplicationTests using Java 17.0.7 with PID 10180 (started by Denis in C:\Facultate\AnII sem 2\IP\be-labs-and-courses-management\signInModule)
2023-04-23T16:49:22.048+03:00  INFO 10180 --- [main] c.example.security.DemoApplicationTests  : No active profile set, falling back to 1 default profile: "default"
2023-04-23T16:49:22.695+03:00  INFO 10180 --- [main] .s.d.r.c.RepositoryConfigurationDelegate : Bootstrapping Spring Data JPA repositories in DEFAULT mode.
2023-04-23T16:49:22.761+03:00  INFO 10180 --- [main] .s.d.r.c.RepositoryConfigurationDelegate : Finished Spring Data repository scanning in 58 ms. Found 2 JPA repository interfaces.
2023-04-23T16:49:23.228+03:00  INFO 10180 --- [main] o.hibernate.jpa.internal.util.LogHelper  : HHH000204: Processing PersistenceUnitInfo [name: default]
2023-04-23T16:49:23.277+03:00  INFO 10180 --- [main] org.hibernate.Version                    : HHH000412: Hibernate ORM core version 6.1.7.Final
2023-04-23T16:49:23.460+03:00  INFO 10180 --- [main] com.zaxxer.hikari.HikariDataSource       : HikariPool-1 - Starting...
2023-04-23T16:49:23.634+03:00  INFO 10180 --- [main] com.zaxxer.hikari.pool.HikariPool        : HikariPool-1 - Added connection org.postgresql.jdbc.PgConnection@35d88a54
2023-04-23T16:49:23.636+03:00  INFO 10180 --- [main] com.zaxxer.hikari.HikariDataSource       : HikariPool-1 - Start completed.
2023-04-23T16:49:23.661+03:00  INFO 10180 --- [main] SQL dialect                              : HHH000400: Using dialect: org.hibernate.dialect.PostgreSQLDialect
2023-04-23T16:49:24.331+03:00  INFO 10180 --- [main] o.h.e.t.j.p.i.JtaPlatformInitiator       : HHH000490: Using JtaPlatform implementation: [org.hibernate.engine.transaction.jta.platform.internal.NoJtaPlatform]
2023-04-23T16:49:24.341+03:00  INFO 10180 --- [main] j.LocalContainerEntityManagerFactoryBean : Initialized JPA EntityManagerFactory for persistence unit 'default'
2023-04-23T16:49:24.876+03:00  WARN 10180 --- [main] JpaBaseConfiguration$JpaWebConfiguration : spring.jpa.open-in-view is enabled by default. Therefore, database queries may be performed during view rendering. Explicitly configure spring.jpa.open-in-view to disable this warning
2023-04-23T16:49:25.017+03:00  INFO 10180 --- [main] o.s.b.a.w.s.WelcomePageHandlerMapping    : Adding welcome page: class path resource [static/index.html]
2023-04-23T16:49:26.035+03:00  INFO 10180 --- [main] o.s.s.web.DefaultSecurityFilterChain     : Will secure any request with [org.springframework.security.web.session.DisableEncodeUrlFilter@74f9004c, org.springframework.security.web.context.request.async.WebAsyncManagerIntegrationFilter@4f2a0909, org.springframework.security.web.context.SecurityContextHolderFilter@37c49a55, org.springframework.security.web.header.HeaderWriterFilter@70a8654, org.springframework.security.web.authentication.logout.LogoutFilter@5fc42998, com.example.security.security.JwtAuthenticationFilter@4628f386, org.springframework.security.web.authentication.www.BasicAuthenticationFilter@11d557a5, org.springframework.security.web.savedrequest.RequestCacheAwareFilter@4f5d7091, org.springframework.security.web.servletapi.SecurityContextHolderAwareRequestFilter@10efb806, org.springframework.security.web.authentication.AnonymousAuthenticationFilter@34947355, org.springframework.security.web.session.SessionManagementFilter@530ee11a, org.springframework.security.web.access.ExceptionTranslationFilter@473c491, org.springframework.security.web.access.intercept.AuthorizationFilter@282079b9]
2023-04-23T16:49:26.356+03:00  INFO 10180 --- [main] c.example.security.DemoApplicationTests  : Started DemoApplicationTests in 4.614 seconds (process running for 6.046)
2023-04-23T16:49:26.397+03:00  INFO 10180 --- [SpringApplicationShutdownHook] j.LocalContainerEntityManagerFactoryBean : Closing JPA EntityManagerFactory for persistence unit 'default'
2023-04-23T16:49:26.400+03:00  INFO 10180 --- [SpringApplicationShutdownHook] com.zaxxer.hikari.HikariDataSource       : HikariPool-1 - Shutdown initiated...
2023-04-23T16:49:26.403+03:00  INFO 10180 --- [SpringApplicationShutdownHook] com.zaxxer.hikari.HikariDataSource       : HikariPool-1 - Shutdown completed.
2023-04-23T16:54:13.220+03:00  INFO 18756 --- [main] c.example.security.DemoApplicationTests  : Starting DemoApplicationTests using Java 17.0.7 with PID 18756 (started by Denis in C:\Facultate\AnII sem 2\IP\be-labs-and-courses-management\signInModule)
2023-04-23T16:54:13.222+03:00  INFO 18756 --- [main] c.example.security.DemoApplicationTests  : No active profile set, falling back to 1 default profile: "default"
2023-04-23T16:54:13.908+03:00  INFO 18756 --- [main] .s.d.r.c.RepositoryConfigurationDelegate : Bootstrapping Spring Data JPA repositories in DEFAULT mode.
2023-04-23T16:54:13.973+03:00  INFO 18756 --- [main] .s.d.r.c.RepositoryConfigurationDelegate : Finished Spring Data repository scanning in 53 ms. Found 2 JPA repository interfaces.
2023-04-23T16:54:14.548+03:00  INFO 18756 --- [main] o.hibernate.jpa.internal.util.LogHelper  : HHH000204: Processing PersistenceUnitInfo [name: default]
2023-04-23T16:54:14.610+03:00  INFO 18756 --- [main] org.hibernate.Version                    : HHH000412: Hibernate ORM core version 6.1.7.Final
2023-04-23T16:54:14.807+03:00  INFO 18756 --- [main] com.zaxxer.hikari.HikariDataSource       : HikariPool-1 - Starting...
2023-04-23T16:54:14.986+03:00  INFO 18756 --- [main] com.zaxxer.hikari.pool.HikariPool        : HikariPool-1 - Added connection org.postgresql.jdbc.PgConnection@335972a5
2023-04-23T16:54:14.988+03:00  INFO 18756 --- [main] com.zaxxer.hikari.HikariDataSource       : HikariPool-1 - Start completed.
2023-04-23T16:54:15.016+03:00  INFO 18756 --- [main] SQL dialect                              : HHH000400: Using dialect: org.hibernate.dialect.PostgreSQLDialect
2023-04-23T16:54:15.797+03:00  INFO 18756 --- [main] o.h.e.t.j.p.i.JtaPlatformInitiator       : HHH000490: Using JtaPlatform implementation: [org.hibernate.engine.transaction.jta.platform.internal.NoJtaPlatform]
2023-04-23T16:54:15.805+03:00  INFO 18756 --- [main] j.LocalContainerEntityManagerFactoryBean : Initialized JPA EntityManagerFactory for persistence unit 'default'
2023-04-23T16:54:16.513+03:00  WARN 18756 --- [main] JpaBaseConfiguration$JpaWebConfiguration : spring.jpa.open-in-view is enabled by default. Therefore, database queries may be performed during view rendering. Explicitly configure spring.jpa.open-in-view to disable this warning
2023-04-23T16:54:16.660+03:00  INFO 18756 --- [main] o.s.b.a.w.s.WelcomePageHandlerMapping    : Adding welcome page: class path resource [static/index.html]
2023-04-23T16:54:17.421+03:00  INFO 18756 --- [main] o.s.s.web.DefaultSecurityFilterChain     : Will secure any request with [org.springframework.security.web.session.DisableEncodeUrlFilter@569b3009, org.springframework.security.web.context.request.async.WebAsyncManagerIntegrationFilter@23d0f6be, org.springframework.security.web.context.SecurityContextHolderFilter@14927cd4, org.springframework.security.web.header.HeaderWriterFilter@37c49a55, org.springframework.security.web.authentication.logout.LogoutFilter@57eb2555, com.example.security.security.JwtAuthenticationFilter@10545d02, org.springframework.security.web.authentication.www.BasicAuthenticationFilter@72e5206, org.springframework.security.web.savedrequest.RequestCacheAwareFilter@445d878c, org.springframework.security.web.servletapi.SecurityContextHolderAwareRequestFilter@60c68c7b, org.springframework.security.web.authentication.AnonymousAuthenticationFilter@48cebb78, org.springframework.security.web.session.SessionManagementFilter@66450129, org.springframework.security.web.access.ExceptionTranslationFilter@54d116d5, org.springframework.security.web.access.intercept.AuthorizationFilter@55b5ce0f]
2023-04-23T16:54:17.797+03:00  INFO 18756 --- [main] c.example.security.DemoApplicationTests  : Started DemoApplicationTests in 4.847 seconds (process running for 6.105)
2023-04-23T16:54:17.895+03:00  INFO 18756 --- [SpringApplicationShutdownHook] j.LocalContainerEntityManagerFactoryBean : Closing JPA EntityManagerFactory for persistence unit 'default'
2023-04-23T16:54:17.898+03:00  INFO 18756 --- [SpringApplicationShutdownHook] com.zaxxer.hikari.HikariDataSource       : HikariPool-1 - Shutdown initiated...
2023-04-23T16:54:17.902+03:00  INFO 18756 --- [SpringApplicationShutdownHook] com.zaxxer.hikari.HikariDataSource       : HikariPool-1 - Shutdown completed.
2023-04-23T16:57:37.071+03:00  INFO 19100 --- [main] c.example.security.DemoApplicationTests  : Starting DemoApplicationTests using Java 17.0.7 with PID 19100 (started by Denis in C:\Facultate\AnII sem 2\IP\be-labs-and-courses-management\signInModule)
2023-04-23T16:57:37.073+03:00  INFO 19100 --- [main] c.example.security.DemoApplicationTests  : No active profile set, falling back to 1 default profile: "default"
2023-04-23T16:57:38.121+03:00  INFO 19100 --- [main] .s.d.r.c.RepositoryConfigurationDelegate : Bootstrapping Spring Data JPA repositories in DEFAULT mode.
2023-04-23T16:57:38.200+03:00  INFO 19100 --- [main] .s.d.r.c.RepositoryConfigurationDelegate : Finished Spring Data repository scanning in 66 ms. Found 2 JPA repository interfaces.
2023-04-23T16:57:38.661+03:00  INFO 19100 --- [main] o.hibernate.jpa.internal.util.LogHelper  : HHH000204: Processing PersistenceUnitInfo [name: default]
2023-04-23T16:57:38.721+03:00  INFO 19100 --- [main] org.hibernate.Version                    : HHH000412: Hibernate ORM core version 6.1.7.Final
2023-04-23T16:57:38.919+03:00  INFO 19100 --- [main] com.zaxxer.hikari.HikariDataSource       : HikariPool-1 - Starting...
2023-04-23T16:57:39.121+03:00  INFO 19100 --- [main] com.zaxxer.hikari.pool.HikariPool        : HikariPool-1 - Added connection org.postgresql.jdbc.PgConnection@26c6288d
2023-04-23T16:57:39.123+03:00  INFO 19100 --- [main] com.zaxxer.hikari.HikariDataSource       : HikariPool-1 - Start completed.
2023-04-23T16:57:39.152+03:00  INFO 19100 --- [main] SQL dialect                              : HHH000400: Using dialect: org.hibernate.dialect.PostgreSQLDialect
2023-04-23T16:57:39.815+03:00  INFO 19100 --- [main] o.h.e.t.j.p.i.JtaPlatformInitiator       : HHH000490: Using JtaPlatform implementation: [org.hibernate.engine.transaction.jta.platform.internal.NoJtaPlatform]
2023-04-23T16:57:39.822+03:00  INFO 19100 --- [main] j.LocalContainerEntityManagerFactoryBean : Initialized JPA EntityManagerFactory for persistence unit 'default'
2023-04-23T16:57:40.358+03:00  WARN 19100 --- [main] JpaBaseConfiguration$JpaWebConfiguration : spring.jpa.open-in-view is enabled by default. Therefore, database queries may be performed during view rendering. Explicitly configure spring.jpa.open-in-view to disable this warning
2023-04-23T16:57:40.454+03:00  INFO 19100 --- [main] o.s.b.a.w.s.WelcomePageHandlerMapping    : Adding welcome page: class path resource [static/index.html]
2023-04-23T16:57:41.199+03:00  INFO 19100 --- [main] o.s.s.web.DefaultSecurityFilterChain     : Will secure any request with [org.springframework.security.web.session.DisableEncodeUrlFilter@1eaf4e77, org.springframework.security.web.context.request.async.WebAsyncManagerIntegrationFilter@23cfc9eb, org.springframework.security.web.context.SecurityContextHolderFilter@79f82fc4, org.springframework.security.web.header.HeaderWriterFilter@16ca4532, org.springframework.security.web.authentication.logout.LogoutFilter@13e6ab86, com.example.security.security.JwtAuthenticationFilter@1a13b5c1, org.springframework.security.web.authentication.www.BasicAuthenticationFilter@1315d910, org.springframework.security.web.savedrequest.RequestCacheAwareFilter@bb896e9, org.springframework.security.web.servletapi.SecurityContextHolderAwareRequestFilter@63767d, org.springframework.security.web.authentication.AnonymousAuthenticationFilter@14af9f51, org.springframework.security.web.session.SessionManagementFilter@5bdef8ee, org.springframework.security.web.access.ExceptionTranslationFilter@7715d43c, org.springframework.security.web.access.intercept.AuthorizationFilter@2a728076]
2023-04-23T16:57:41.562+03:00  INFO 19100 --- [main] c.example.security.DemoApplicationTests  : Started DemoApplicationTests in 4.848 seconds (process running for 6.497)
2023-04-23T16:57:41.662+03:00  INFO 19100 --- [SpringApplicationShutdownHook] j.LocalContainerEntityManagerFactoryBean : Closing JPA EntityManagerFactory for persistence unit 'default'
2023-04-23T16:57:41.664+03:00  INFO 19100 --- [SpringApplicationShutdownHook] com.zaxxer.hikari.HikariDataSource       : HikariPool-1 - Shutdown initiated...
2023-04-23T16:57:41.667+03:00  INFO 19100 --- [SpringApplicationShutdownHook] com.zaxxer.hikari.HikariDataSource       : HikariPool-1 - Shutdown completed.
2023-04-23T16:59:40.432+03:00  INFO 12420 --- [main] c.example.security.DemoApplicationTests  : Starting DemoApplicationTests using Java 17.0.7 with PID 12420 (started by Denis in C:\Facultate\AnII sem 2\IP\be-labs-and-courses-management\signInModule)
2023-04-23T16:59:40.434+03:00  INFO 12420 --- [main] c.example.security.DemoApplicationTests  : No active profile set, falling back to 1 default profile: "default"
2023-04-23T16:59:41.086+03:00  INFO 12420 --- [main] .s.d.r.c.RepositoryConfigurationDelegate : Bootstrapping Spring Data JPA repositories in DEFAULT mode.
2023-04-23T16:59:41.144+03:00  INFO 12420 --- [main] .s.d.r.c.RepositoryConfigurationDelegate : Finished Spring Data repository scanning in 48 ms. Found 2 JPA repository interfaces.
2023-04-23T16:59:41.622+03:00  INFO 12420 --- [main] o.hibernate.jpa.internal.util.LogHelper  : HHH000204: Processing PersistenceUnitInfo [name: default]
2023-04-23T16:59:41.680+03:00  INFO 12420 --- [main] org.hibernate.Version                    : HHH000412: Hibernate ORM core version 6.1.7.Final
2023-04-23T16:59:41.869+03:00  INFO 12420 --- [main] com.zaxxer.hikari.HikariDataSource       : HikariPool-1 - Starting...
2023-04-23T16:59:42.061+03:00  INFO 12420 --- [main] com.zaxxer.hikari.pool.HikariPool        : HikariPool-1 - Added connection org.postgresql.jdbc.PgConnection@70805849
2023-04-23T16:59:42.063+03:00  INFO 12420 --- [main] com.zaxxer.hikari.HikariDataSource       : HikariPool-1 - Start completed.
2023-04-23T16:59:42.090+03:00  INFO 12420 --- [main] SQL dialect                              : HHH000400: Using dialect: org.hibernate.dialect.PostgreSQLDialect
2023-04-23T16:59:42.818+03:00  INFO 12420 --- [main] o.h.e.t.j.p.i.JtaPlatformInitiator       : HHH000490: Using JtaPlatform implementation: [org.hibernate.engine.transaction.jta.platform.internal.NoJtaPlatform]
2023-04-23T16:59:42.825+03:00  INFO 12420 --- [main] j.LocalContainerEntityManagerFactoryBean : Initialized JPA EntityManagerFactory for persistence unit 'default'
2023-04-23T16:59:43.277+03:00  WARN 12420 --- [main] JpaBaseConfiguration$JpaWebConfiguration : spring.jpa.open-in-view is enabled by default. Therefore, database queries may be performed during view rendering. Explicitly configure spring.jpa.open-in-view to disable this warning
2023-04-23T16:59:43.379+03:00  INFO 12420 --- [main] o.s.b.a.w.s.WelcomePageHandlerMapping    : Adding welcome page: class path resource [static/index.html]
2023-04-23T16:59:44.065+03:00  INFO 12420 --- [main] o.s.s.web.DefaultSecurityFilterChain     : Will secure any request with [org.springframework.security.web.session.DisableEncodeUrlFilter@20bf7206, org.springframework.security.web.context.request.async.WebAsyncManagerIntegrationFilter@4cb939d5, org.springframework.security.web.context.SecurityContextHolderFilter@23974cac, org.springframework.security.web.header.HeaderWriterFilter@2bfe4df9, org.springframework.security.web.authentication.logout.LogoutFilter@4ad57db1, com.example.security.security.JwtAuthenticationFilter@37289e90, org.springframework.security.web.authentication.www.BasicAuthenticationFilter@65013d71, org.springframework.security.web.savedrequest.RequestCacheAwareFilter@56e9126f, org.springframework.security.web.servletapi.SecurityContextHolderAwareRequestFilter@490f2fad, org.springframework.security.web.authentication.AnonymousAuthenticationFilter@30b0f674, org.springframework.security.web.session.SessionManagementFilter@282079b9, org.springframework.security.web.access.ExceptionTranslationFilter@23cfc9eb, org.springframework.security.web.access.intercept.AuthorizationFilter@5471342]
2023-04-23T16:59:44.412+03:00  INFO 12420 --- [main] c.example.security.DemoApplicationTests  : Started DemoApplicationTests in 4.251 seconds (process running for 5.517)
2023-04-23T16:59:44.519+03:00  INFO 12420 --- [SpringApplicationShutdownHook] j.LocalContainerEntityManagerFactoryBean : Closing JPA EntityManagerFactory for persistence unit 'default'
2023-04-23T16:59:44.523+03:00  INFO 12420 --- [SpringApplicationShutdownHook] com.zaxxer.hikari.HikariDataSource       : HikariPool-1 - Shutdown initiated...
2023-04-23T16:59:44.527+03:00  INFO 12420 --- [SpringApplicationShutdownHook] com.zaxxer.hikari.HikariDataSource       : HikariPool-1 - Shutdown completed.
2023-04-23T17:02:46.382+03:00  INFO 15340 --- [main] c.example.security.DemoApplicationTests  : Starting DemoApplicationTests using Java 17.0.7 with PID 15340 (started by Denis in C:\Facultate\AnII sem 2\IP\be-labs-and-courses-management\signInModule)
2023-04-23T17:02:46.384+03:00  INFO 15340 --- [main] c.example.security.DemoApplicationTests  : No active profile set, falling back to 1 default profile: "default"
2023-04-23T17:02:47.004+03:00  INFO 15340 --- [main] .s.d.r.c.RepositoryConfigurationDelegate : Bootstrapping Spring Data JPA repositories in DEFAULT mode.
2023-04-23T17:02:47.058+03:00  INFO 15340 --- [main] .s.d.r.c.RepositoryConfigurationDelegate : Finished Spring Data repository scanning in 45 ms. Found 2 JPA repository interfaces.
2023-04-23T17:02:47.526+03:00  INFO 15340 --- [main] o.hibernate.jpa.internal.util.LogHelper  : HHH000204: Processing PersistenceUnitInfo [name: default]
2023-04-23T17:02:47.577+03:00  INFO 15340 --- [main] org.hibernate.Version                    : HHH000412: Hibernate ORM core version 6.1.7.Final
2023-04-23T17:02:47.768+03:00  INFO 15340 --- [main] com.zaxxer.hikari.HikariDataSource       : HikariPool-1 - Starting...
2023-04-23T17:02:47.958+03:00  INFO 15340 --- [main] com.zaxxer.hikari.pool.HikariPool        : HikariPool-1 - Added connection org.postgresql.jdbc.PgConnection@1939a394
2023-04-23T17:02:47.960+03:00  INFO 15340 --- [main] com.zaxxer.hikari.HikariDataSource       : HikariPool-1 - Start completed.
2023-04-23T17:02:47.988+03:00  INFO 15340 --- [main] SQL dialect                              : HHH000400: Using dialect: org.hibernate.dialect.PostgreSQLDialect
2023-04-23T17:02:48.719+03:00  INFO 15340 --- [main] o.h.e.t.j.p.i.JtaPlatformInitiator       : HHH000490: Using JtaPlatform implementation: [org.hibernate.engine.transaction.jta.platform.internal.NoJtaPlatform]
2023-04-23T17:02:48.728+03:00  INFO 15340 --- [main] j.LocalContainerEntityManagerFactoryBean : Initialized JPA EntityManagerFactory for persistence unit 'default'
2023-04-23T17:02:49.174+03:00  WARN 15340 --- [main] JpaBaseConfiguration$JpaWebConfiguration : spring.jpa.open-in-view is enabled by default. Therefore, database queries may be performed during view rendering. Explicitly configure spring.jpa.open-in-view to disable this warning
2023-04-23T17:02:49.281+03:00  INFO 15340 --- [main] o.s.b.a.w.s.WelcomePageHandlerMapping    : Adding welcome page: class path resource [static/index.html]
2023-04-23T17:02:49.929+03:00  INFO 15340 --- [main] o.s.s.web.DefaultSecurityFilterChain     : Will secure any request with [org.springframework.security.web.session.DisableEncodeUrlFilter@fdfd984, org.springframework.security.web.context.request.async.WebAsyncManagerIntegrationFilter@45e49d3d, org.springframework.security.web.context.SecurityContextHolderFilter@67fda9fb, org.springframework.security.web.header.HeaderWriterFilter@6418075c, org.springframework.security.web.authentication.logout.LogoutFilter@23974cac, com.example.security.security.JwtAuthenticationFilter@4d21b505, org.springframework.security.web.authentication.www.BasicAuthenticationFilter@5e528476, org.springframework.security.web.savedrequest.RequestCacheAwareFilter@66450129, org.springframework.security.web.servletapi.SecurityContextHolderAwareRequestFilter@5a106b26, org.springframework.security.web.authentication.AnonymousAuthenticationFilter@72e5206, org.springframework.security.web.session.SessionManagementFilter@4dfe56dc, org.springframework.security.web.access.ExceptionTranslationFilter@1b18fa79, org.springframework.security.web.access.intercept.AuthorizationFilter@3ed3e66d]
2023-04-23T17:02:50.272+03:00  INFO 15340 --- [main] c.example.security.DemoApplicationTests  : Started DemoApplicationTests in 4.174 seconds (process running for 5.501)
2023-04-23T17:02:50.358+03:00  INFO 15340 --- [SpringApplicationShutdownHook] j.LocalContainerEntityManagerFactoryBean : Closing JPA EntityManagerFactory for persistence unit 'default'
2023-04-23T17:02:50.361+03:00  INFO 15340 --- [SpringApplicationShutdownHook] com.zaxxer.hikari.HikariDataSource       : HikariPool-1 - Shutdown initiated...
2023-04-23T17:02:50.365+03:00  INFO 15340 --- [SpringApplicationShutdownHook] com.zaxxer.hikari.HikariDataSource       : HikariPool-1 - Shutdown completed.
2023-04-23T17:04:08.185+03:00  INFO 13196 --- [main] c.example.security.DemoApplicationTests  : Starting DemoApplicationTests using Java 17.0.7 with PID 13196 (started by Denis in C:\Facultate\AnII sem 2\IP\be-labs-and-courses-management\signInModule)
2023-04-23T17:04:08.188+03:00  INFO 13196 --- [main] c.example.security.DemoApplicationTests  : No active profile set, falling back to 1 default profile: "default"
2023-04-23T17:04:08.830+03:00  INFO 13196 --- [main] .s.d.r.c.RepositoryConfigurationDelegate : Bootstrapping Spring Data JPA repositories in DEFAULT mode.
2023-04-23T17:04:08.894+03:00  INFO 13196 --- [main] .s.d.r.c.RepositoryConfigurationDelegate : Finished Spring Data repository scanning in 54 ms. Found 2 JPA repository interfaces.
2023-04-23T17:04:09.374+03:00  INFO 13196 --- [main] o.hibernate.jpa.internal.util.LogHelper  : HHH000204: Processing PersistenceUnitInfo [name: default]
2023-04-23T17:04:09.433+03:00  INFO 13196 --- [main] org.hibernate.Version                    : HHH000412: Hibernate ORM core version 6.1.7.Final
2023-04-23T17:04:09.620+03:00  INFO 13196 --- [main] com.zaxxer.hikari.HikariDataSource       : HikariPool-1 - Starting...
2023-04-23T17:04:09.803+03:00  INFO 13196 --- [main] com.zaxxer.hikari.pool.HikariPool        : HikariPool-1 - Added connection org.postgresql.jdbc.PgConnection@26bce60d
2023-04-23T17:04:09.804+03:00  INFO 13196 --- [main] com.zaxxer.hikari.HikariDataSource       : HikariPool-1 - Start completed.
2023-04-23T17:04:09.833+03:00  INFO 13196 --- [main] SQL dialect                              : HHH000400: Using dialect: org.hibernate.dialect.PostgreSQLDialect
2023-04-23T17:04:10.524+03:00  INFO 13196 --- [main] o.h.e.t.j.p.i.JtaPlatformInitiator       : HHH000490: Using JtaPlatform implementation: [org.hibernate.engine.transaction.jta.platform.internal.NoJtaPlatform]
2023-04-23T17:04:10.532+03:00  INFO 13196 --- [main] j.LocalContainerEntityManagerFactoryBean : Initialized JPA EntityManagerFactory for persistence unit 'default'
2023-04-23T17:04:10.970+03:00  WARN 13196 --- [main] JpaBaseConfiguration$JpaWebConfiguration : spring.jpa.open-in-view is enabled by default. Therefore, database queries may be performed during view rendering. Explicitly configure spring.jpa.open-in-view to disable this warning
2023-04-23T17:04:11.069+03:00  INFO 13196 --- [main] o.s.b.a.w.s.WelcomePageHandlerMapping    : Adding welcome page: class path resource [static/index.html]
2023-04-23T17:04:11.757+03:00  INFO 13196 --- [main] o.s.s.web.DefaultSecurityFilterChain     : Will secure any request with [org.springframework.security.web.session.DisableEncodeUrlFilter@36a7586f, org.springframework.security.web.context.request.async.WebAsyncManagerIntegrationFilter@4265cbed, org.springframework.security.web.context.SecurityContextHolderFilter@62ad5f35, org.springframework.security.web.header.HeaderWriterFilter@56e9126f, org.springframework.security.web.authentication.logout.LogoutFilter@6bbd4048, com.example.security.security.JwtAuthenticationFilter@16ca4532, org.springframework.security.web.authentication.www.BasicAuthenticationFilter@18ed8b75, org.springframework.security.web.savedrequest.RequestCacheAwareFilter@4117e0c9, org.springframework.security.web.servletapi.SecurityContextHolderAwareRequestFilter@281d3ce7, org.springframework.security.web.authentication.AnonymousAuthenticationFilter@30b0d5a7, org.springframework.security.web.session.SessionManagementFilter@74f9004c, org.springframework.security.web.access.ExceptionTranslationFilter@23974cac, org.springframework.security.web.access.intercept.AuthorizationFilter@20bf7206]
2023-04-23T17:04:12.069+03:00  INFO 13196 --- [main] c.example.security.DemoApplicationTests  : Started DemoApplicationTests in 4.125 seconds (process running for 5.426)
2023-04-23T17:04:12.148+03:00  INFO 13196 --- [SpringApplicationShutdownHook] j.LocalContainerEntityManagerFactoryBean : Closing JPA EntityManagerFactory for persistence unit 'default'
2023-04-23T17:04:12.151+03:00  INFO 13196 --- [SpringApplicationShutdownHook] com.zaxxer.hikari.HikariDataSource       : HikariPool-1 - Shutdown initiated...
2023-04-23T17:04:12.154+03:00  INFO 13196 --- [SpringApplicationShutdownHook] com.zaxxer.hikari.HikariDataSource       : HikariPool-1 - Shutdown completed.
2023-04-23T18:03:22.586+03:00  INFO 6692 --- [main] c.example.security.DemoApplicationTests  : Starting DemoApplicationTests using Java 17.0.7 with PID 6692 (started by Denis in C:\Facultate\AnII sem 2\IP\be-labs-and-courses-management\signInModule)
2023-04-23T18:03:22.588+03:00  INFO 6692 --- [main] c.example.security.DemoApplicationTests  : No active profile set, falling back to 1 default profile: "default"
2023-04-23T18:03:23.335+03:00  INFO 6692 --- [main] .s.d.r.c.RepositoryConfigurationDelegate : Bootstrapping Spring Data JPA repositories in DEFAULT mode.
2023-04-23T18:03:23.393+03:00  INFO 6692 --- [main] .s.d.r.c.RepositoryConfigurationDelegate : Finished Spring Data repository scanning in 47 ms. Found 2 JPA repository interfaces.
2023-04-23T18:03:23.861+03:00  INFO 6692 --- [main] o.hibernate.jpa.internal.util.LogHelper  : HHH000204: Processing PersistenceUnitInfo [name: default]
2023-04-23T18:03:23.926+03:00  INFO 6692 --- [main] org.hibernate.Version                    : HHH000412: Hibernate ORM core version 6.1.7.Final
2023-04-23T18:03:24.127+03:00  INFO 6692 --- [main] com.zaxxer.hikari.HikariDataSource       : HikariPool-1 - Starting...
2023-04-23T18:03:24.310+03:00  INFO 6692 --- [main] com.zaxxer.hikari.pool.HikariPool        : HikariPool-1 - Added connection org.postgresql.jdbc.PgConnection@26a9c6df
2023-04-23T18:03:24.312+03:00  INFO 6692 --- [main] com.zaxxer.hikari.HikariDataSource       : HikariPool-1 - Start completed.
2023-04-23T18:03:24.344+03:00  INFO 6692 --- [main] SQL dialect                              : HHH000400: Using dialect: org.hibernate.dialect.PostgreSQLDialect
2023-04-23T18:03:25.116+03:00  INFO 6692 --- [main] o.h.e.t.j.p.i.JtaPlatformInitiator       : HHH000490: Using JtaPlatform implementation: [org.hibernate.engine.transaction.jta.platform.internal.NoJtaPlatform]
2023-04-23T18:03:25.125+03:00  INFO 6692 --- [main] j.LocalContainerEntityManagerFactoryBean : Initialized JPA EntityManagerFactory for persistence unit 'default'
2023-04-23T18:03:25.566+03:00  WARN 6692 --- [main] JpaBaseConfiguration$JpaWebConfiguration : spring.jpa.open-in-view is enabled by default. Therefore, database queries may be performed during view rendering. Explicitly configure spring.jpa.open-in-view to disable this warning
2023-04-23T18:03:25.725+03:00  INFO 6692 --- [main] o.s.b.a.w.s.WelcomePageHandlerMapping    : Adding welcome page: class path resource [static/index.html]
2023-04-23T18:03:26.655+03:00  INFO 6692 --- [main] o.s.s.web.DefaultSecurityFilterChain     : Will secure any request with [org.springframework.security.web.session.DisableEncodeUrlFilter@4f1ea463, org.springframework.security.web.context.request.async.WebAsyncManagerIntegrationFilter@3a641f6, org.springframework.security.web.context.SecurityContextHolderFilter@11d557a5, org.springframework.security.web.header.HeaderWriterFilter@7053a864, org.springframework.security.web.authentication.logout.LogoutFilter@6079d219, com.example.security.security.JwtAuthenticationFilter@439054a7, org.springframework.security.web.authentication.www.BasicAuthenticationFilter@7337f87e, org.springframework.security.web.savedrequest.RequestCacheAwareFilter@65067d37, org.springframework.security.web.servletapi.SecurityContextHolderAwareRequestFilter@62ad5f35, org.springframework.security.web.authentication.AnonymousAuthenticationFilter@66487713, org.springframework.security.web.session.SessionManagementFilter@e9947af, org.springframework.security.web.access.ExceptionTranslationFilter@713c8cbb, org.springframework.security.web.access.intercept.AuthorizationFilter@5f815f93]
2023-04-23T18:03:27.455+03:00  INFO 6692 --- [main] c.example.security.DemoApplicationTests  : Started DemoApplicationTests in 5.114 seconds (process running for 6.697)
2023-04-23T18:03:27.603+03:00  INFO 6692 --- [SpringApplicationShutdownHook] j.LocalContainerEntityManagerFactoryBean : Closing JPA EntityManagerFactory for persistence unit 'default'
2023-04-23T18:03:27.606+03:00  INFO 6692 --- [SpringApplicationShutdownHook] com.zaxxer.hikari.HikariDataSource       : HikariPool-1 - Shutdown initiated...
2023-04-23T18:03:27.611+03:00  INFO 6692 --- [SpringApplicationShutdownHook] com.zaxxer.hikari.HikariDataSource       : HikariPool-1 - Shutdown completed.
2023-04-23T18:05:16.181+03:00  INFO 16116 --- [main] c.example.security.DemoApplicationTests  : Starting DemoApplicationTests using Java 17.0.7 with PID 16116 (started by Denis in C:\Facultate\AnII sem 2\IP\be-labs-and-courses-management\signInModule)
2023-04-23T18:05:16.183+03:00  INFO 16116 --- [main] c.example.security.DemoApplicationTests  : No active profile set, falling back to 1 default profile: "default"
2023-04-23T18:05:16.829+03:00  INFO 16116 --- [main] .s.d.r.c.RepositoryConfigurationDelegate : Bootstrapping Spring Data JPA repositories in DEFAULT mode.
2023-04-23T18:05:16.890+03:00  INFO 16116 --- [main] .s.d.r.c.RepositoryConfigurationDelegate : Finished Spring Data repository scanning in 51 ms. Found 2 JPA repository interfaces.
2023-04-23T18:05:17.376+03:00  INFO 16116 --- [main] o.hibernate.jpa.internal.util.LogHelper  : HHH000204: Processing PersistenceUnitInfo [name: default]
2023-04-23T18:05:17.432+03:00  INFO 16116 --- [main] org.hibernate.Version                    : HHH000412: Hibernate ORM core version 6.1.7.Final
2023-04-23T18:05:17.616+03:00  INFO 16116 --- [main] com.zaxxer.hikari.HikariDataSource       : HikariPool-1 - Starting...
2023-04-23T18:05:17.810+03:00  INFO 16116 --- [main] com.zaxxer.hikari.pool.HikariPool        : HikariPool-1 - Added connection org.postgresql.jdbc.PgConnection@7e76a66f
2023-04-23T18:05:17.811+03:00  INFO 16116 --- [main] com.zaxxer.hikari.HikariDataSource       : HikariPool-1 - Start completed.
2023-04-23T18:05:17.837+03:00  INFO 16116 --- [main] SQL dialect                              : HHH000400: Using dialect: org.hibernate.dialect.PostgreSQLDialect
2023-04-23T18:05:18.483+03:00  INFO 16116 --- [main] o.h.e.t.j.p.i.JtaPlatformInitiator       : HHH000490: Using JtaPlatform implementation: [org.hibernate.engine.transaction.jta.platform.internal.NoJtaPlatform]
2023-04-23T18:05:18.492+03:00  INFO 16116 --- [main] j.LocalContainerEntityManagerFactoryBean : Initialized JPA EntityManagerFactory for persistence unit 'default'
2023-04-23T18:05:18.995+03:00  WARN 16116 --- [main] JpaBaseConfiguration$JpaWebConfiguration : spring.jpa.open-in-view is enabled by default. Therefore, database queries may be performed during view rendering. Explicitly configure spring.jpa.open-in-view to disable this warning
2023-04-23T18:05:19.086+03:00  INFO 16116 --- [main] o.s.b.a.w.s.WelcomePageHandlerMapping    : Adding welcome page: class path resource [static/index.html]
2023-04-23T18:05:19.790+03:00  INFO 16116 --- [main] o.s.s.web.DefaultSecurityFilterChain     : Will secure any request with [org.springframework.security.web.session.DisableEncodeUrlFilter@5471342, org.springframework.security.web.context.request.async.WebAsyncManagerIntegrationFilter@2e1003d9, org.springframework.security.web.context.SecurityContextHolderFilter@23cfc9eb, org.springframework.security.web.header.HeaderWriterFilter@580a5b6e, org.springframework.security.web.authentication.logout.LogoutFilter@34947355, com.example.security.security.JwtAuthenticationFilter@9fc125b, org.springframework.security.web.authentication.www.BasicAuthenticationFilter@7fda84cf, org.springframework.security.web.savedrequest.RequestCacheAwareFilter@2bfe4df9, org.springframework.security.web.servletapi.SecurityContextHolderAwareRequestFilter@23ee31b8, org.springframework.security.web.authentication.AnonymousAuthenticationFilter@4e9d1119, org.springframework.security.web.session.SessionManagementFilter@7a79a5d6, org.springframework.security.web.access.ExceptionTranslationFilter@a3f1f32, org.springframework.security.web.access.intercept.AuthorizationFilter@281d3ce7]
2023-04-23T18:05:20.123+03:00  INFO 16116 --- [main] c.example.security.DemoApplicationTests  : Started DemoApplicationTests in 4.185 seconds (process running for 5.469)
2023-04-23T18:05:20.201+03:00  INFO 16116 --- [SpringApplicationShutdownHook] j.LocalContainerEntityManagerFactoryBean : Closing JPA EntityManagerFactory for persistence unit 'default'
2023-04-23T18:05:20.203+03:00  INFO 16116 --- [SpringApplicationShutdownHook] com.zaxxer.hikari.HikariDataSource       : HikariPool-1 - Shutdown initiated...
2023-04-23T18:05:20.208+03:00  INFO 16116 --- [SpringApplicationShutdownHook] com.zaxxer.hikari.HikariDataSource       : HikariPool-1 - Shutdown completed.
2023-04-23T18:09:53.606+03:00  INFO 6608 --- [main] c.example.security.DemoApplicationTests  : Starting DemoApplicationTests using Java 17.0.7 with PID 6608 (started by Denis in C:\Facultate\AnII sem 2\IP\be-labs-and-courses-management\signInModule)
2023-04-23T18:09:53.608+03:00  INFO 6608 --- [main] c.example.security.DemoApplicationTests  : No active profile set, falling back to 1 default profile: "default"
2023-04-23T18:09:54.232+03:00  INFO 6608 --- [main] .s.d.r.c.RepositoryConfigurationDelegate : Bootstrapping Spring Data JPA repositories in DEFAULT mode.
2023-04-23T18:09:54.294+03:00  INFO 6608 --- [main] .s.d.r.c.RepositoryConfigurationDelegate : Finished Spring Data repository scanning in 51 ms. Found 2 JPA repository interfaces.
2023-04-23T18:09:54.764+03:00  INFO 6608 --- [main] o.hibernate.jpa.internal.util.LogHelper  : HHH000204: Processing PersistenceUnitInfo [name: default]
2023-04-23T18:09:54.820+03:00  INFO 6608 --- [main] org.hibernate.Version                    : HHH000412: Hibernate ORM core version 6.1.7.Final
2023-04-23T18:09:55.006+03:00  INFO 6608 --- [main] com.zaxxer.hikari.HikariDataSource       : HikariPool-1 - Starting...
2023-04-23T18:09:55.192+03:00  INFO 6608 --- [main] com.zaxxer.hikari.pool.HikariPool        : HikariPool-1 - Added connection org.postgresql.jdbc.PgConnection@5c5f12e
2023-04-23T18:09:55.195+03:00  INFO 6608 --- [main] com.zaxxer.hikari.HikariDataSource       : HikariPool-1 - Start completed.
2023-04-23T18:09:55.224+03:00  INFO 6608 --- [main] SQL dialect                              : HHH000400: Using dialect: org.hibernate.dialect.PostgreSQLDialect
2023-04-23T18:09:55.914+03:00  INFO 6608 --- [main] o.h.e.t.j.p.i.JtaPlatformInitiator       : HHH000490: Using JtaPlatform implementation: [org.hibernate.engine.transaction.jta.platform.internal.NoJtaPlatform]
2023-04-23T18:09:55.921+03:00  INFO 6608 --- [main] j.LocalContainerEntityManagerFactoryBean : Initialized JPA EntityManagerFactory for persistence unit 'default'
2023-04-23T18:09:56.379+03:00  WARN 6608 --- [main] JpaBaseConfiguration$JpaWebConfiguration : spring.jpa.open-in-view is enabled by default. Therefore, database queries may be performed during view rendering. Explicitly configure spring.jpa.open-in-view to disable this warning
2023-04-23T18:09:56.483+03:00  INFO 6608 --- [main] o.s.b.a.w.s.WelcomePageHandlerMapping    : Adding welcome page: class path resource [static/index.html]
2023-04-23T18:09:57.214+03:00  INFO 6608 --- [main] o.s.s.web.DefaultSecurityFilterChain     : Will secure any request with [org.springframework.security.web.session.DisableEncodeUrlFilter@335a45a8, org.springframework.security.web.context.request.async.WebAsyncManagerIntegrationFilter@294c36b9, org.springframework.security.web.context.SecurityContextHolderFilter@fdfd984, org.springframework.security.web.header.HeaderWriterFilter@d60aa4, org.springframework.security.web.authentication.logout.LogoutFilter@20bf7206, com.example.security.security.JwtAuthenticationFilter@2fda92e0, org.springframework.security.web.authentication.www.BasicAuthenticationFilter@3d84f113, org.springframework.security.web.savedrequest.RequestCacheAwareFilter@72e5206, org.springframework.security.web.servletapi.SecurityContextHolderAwareRequestFilter@23d0f6be, org.springframework.security.web.authentication.AnonymousAuthenticationFilter@6b23897a, org.springframework.security.web.session.SessionManagementFilter@5e528476, org.springframework.security.web.access.ExceptionTranslationFilter@3ed3e66d, org.springframework.security.web.access.intercept.AuthorizationFilter@650997b0]
2023-04-23T18:09:57.546+03:00  INFO 6608 --- [main] c.example.security.DemoApplicationTests  : Started DemoApplicationTests in 4.198 seconds (process running for 5.458)
2023-04-23T18:09:57.646+03:00  INFO 6608 --- [SpringApplicationShutdownHook] j.LocalContainerEntityManagerFactoryBean : Closing JPA EntityManagerFactory for persistence unit 'default'
2023-04-23T18:09:57.649+03:00  INFO 6608 --- [SpringApplicationShutdownHook] com.zaxxer.hikari.HikariDataSource       : HikariPool-1 - Shutdown initiated...
2023-04-23T18:09:57.652+03:00  INFO 6608 --- [SpringApplicationShutdownHook] com.zaxxer.hikari.HikariDataSource       : HikariPool-1 - Shutdown completed.
2023-04-23T18:14:19.489+03:00  INFO 13708 --- [main] c.example.security.DemoApplicationTests  : Starting DemoApplicationTests using Java 17.0.7 with PID 13708 (started by Denis in C:\Facultate\AnII sem 2\IP\be-labs-and-courses-management\signInModule)
2023-04-23T18:14:19.491+03:00  INFO 13708 --- [main] c.example.security.DemoApplicationTests  : No active profile set, falling back to 1 default profile: "default"
2023-04-23T18:14:20.191+03:00  INFO 13708 --- [main] .s.d.r.c.RepositoryConfigurationDelegate : Bootstrapping Spring Data JPA repositories in DEFAULT mode.
2023-04-23T18:14:20.252+03:00  INFO 13708 --- [main] .s.d.r.c.RepositoryConfigurationDelegate : Finished Spring Data repository scanning in 51 ms. Found 2 JPA repository interfaces.
2023-04-23T18:14:20.728+03:00  INFO 13708 --- [main] o.hibernate.jpa.internal.util.LogHelper  : HHH000204: Processing PersistenceUnitInfo [name: default]
2023-04-23T18:14:20.779+03:00  INFO 13708 --- [main] org.hibernate.Version                    : HHH000412: Hibernate ORM core version 6.1.7.Final
2023-04-23T18:14:20.970+03:00  INFO 13708 --- [main] com.zaxxer.hikari.HikariDataSource       : HikariPool-1 - Starting...
2023-04-23T18:14:21.150+03:00  INFO 13708 --- [main] com.zaxxer.hikari.pool.HikariPool        : HikariPool-1 - Added connection org.postgresql.jdbc.PgConnection@76eadc5a
2023-04-23T18:14:21.153+03:00  INFO 13708 --- [main] com.zaxxer.hikari.HikariDataSource       : HikariPool-1 - Start completed.
2023-04-23T18:14:21.184+03:00  INFO 13708 --- [main] SQL dialect                              : HHH000400: Using dialect: org.hibernate.dialect.PostgreSQLDialect
2023-04-23T18:14:21.853+03:00  INFO 13708 --- [main] o.h.e.t.j.p.i.JtaPlatformInitiator       : HHH000490: Using JtaPlatform implementation: [org.hibernate.engine.transaction.jta.platform.internal.NoJtaPlatform]
2023-04-23T18:14:21.860+03:00  INFO 13708 --- [main] j.LocalContainerEntityManagerFactoryBean : Initialized JPA EntityManagerFactory for persistence unit 'default'
2023-04-23T18:14:22.306+03:00  WARN 13708 --- [main] JpaBaseConfiguration$JpaWebConfiguration : spring.jpa.open-in-view is enabled by default. Therefore, database queries may be performed during view rendering. Explicitly configure spring.jpa.open-in-view to disable this warning
2023-04-23T18:14:22.403+03:00  INFO 13708 --- [main] o.s.b.a.w.s.WelcomePageHandlerMapping    : Adding welcome page: class path resource [static/index.html]
2023-04-23T18:14:23.138+03:00  INFO 13708 --- [main] o.s.s.web.DefaultSecurityFilterChain     : Will secure any request with [org.springframework.security.web.session.DisableEncodeUrlFilter@45c10678, org.springframework.security.web.context.request.async.WebAsyncManagerIntegrationFilter@4ad57db1, org.springframework.security.web.context.SecurityContextHolderFilter@16eca98a, org.springframework.security.web.header.HeaderWriterFilter@18b88f7, org.springframework.security.web.authentication.logout.LogoutFilter@e9947af, com.example.security.security.JwtAuthenticationFilter@5e445ffe, org.springframework.security.web.authentication.www.BasicAuthenticationFilter@569b3009, org.springframework.security.web.savedrequest.RequestCacheAwareFilter@480f1311, org.springframework.security.web.servletapi.SecurityContextHolderAwareRequestFilter@4a5eb613, org.springframework.security.web.authentication.AnonymousAuthenticationFilter@6e140753, org.springframework.security.web.session.SessionManagementFilter@14927cd4, org.springframework.security.web.access.ExceptionTranslationFilter@13e6ab86, org.springframework.security.web.access.intercept.AuthorizationFilter@4f2a0909]
2023-04-23T18:14:23.505+03:00  INFO 13708 --- [main] c.example.security.DemoApplicationTests  : Started DemoApplicationTests in 4.28 seconds (process running for 5.593)
2023-04-23T18:14:23.586+03:00  INFO 13708 --- [SpringApplicationShutdownHook] j.LocalContainerEntityManagerFactoryBean : Closing JPA EntityManagerFactory for persistence unit 'default'
2023-04-23T18:14:23.590+03:00  INFO 13708 --- [SpringApplicationShutdownHook] com.zaxxer.hikari.HikariDataSource       : HikariPool-1 - Shutdown initiated...
2023-04-23T18:14:23.593+03:00  INFO 13708 --- [SpringApplicationShutdownHook] com.zaxxer.hikari.HikariDataSource       : HikariPool-1 - Shutdown completed.
2023-04-23T18:40:56.547+03:00  INFO 14704 --- [main] c.example.security.DemoApplicationTests  : Starting DemoApplicationTests using Java 17.0.7 with PID 14704 (started by Denis in C:\Facultate\AnII sem 2\IP\be-labs-and-courses-management\signInModule)
2023-04-23T18:40:56.549+03:00  INFO 14704 --- [main] c.example.security.DemoApplicationTests  : No active profile set, falling back to 1 default profile: "default"
2023-04-23T18:40:57.454+03:00  INFO 14704 --- [main] .s.d.r.c.RepositoryConfigurationDelegate : Bootstrapping Spring Data JPA repositories in DEFAULT mode.
2023-04-23T18:40:57.537+03:00  INFO 14704 --- [main] .s.d.r.c.RepositoryConfigurationDelegate : Finished Spring Data repository scanning in 71 ms. Found 2 JPA repository interfaces.
2023-04-23T18:40:58.262+03:00  INFO 14704 --- [main] o.hibernate.jpa.internal.util.LogHelper  : HHH000204: Processing PersistenceUnitInfo [name: default]
2023-04-23T18:40:58.371+03:00  INFO 14704 --- [main] org.hibernate.Version                    : HHH000412: Hibernate ORM core version 6.1.7.Final
2023-04-23T18:40:58.686+03:00  INFO 14704 --- [main] com.zaxxer.hikari.HikariDataSource       : HikariPool-1 - Starting...
2023-04-23T18:40:58.930+03:00  INFO 14704 --- [main] com.zaxxer.hikari.pool.HikariPool        : HikariPool-1 - Added connection org.postgresql.jdbc.PgConnection@74bfdd66
2023-04-23T18:40:58.932+03:00  INFO 14704 --- [main] com.zaxxer.hikari.HikariDataSource       : HikariPool-1 - Start completed.
2023-04-23T18:40:58.970+03:00  INFO 14704 --- [main] SQL dialect                              : HHH000400: Using dialect: org.hibernate.dialect.PostgreSQLDialect
2023-04-23T18:40:59.862+03:00  INFO 14704 --- [main] o.h.e.t.j.p.i.JtaPlatformInitiator       : HHH000490: Using JtaPlatform implementation: [org.hibernate.engine.transaction.jta.platform.internal.NoJtaPlatform]
2023-04-23T18:40:59.871+03:00  INFO 14704 --- [main] j.LocalContainerEntityManagerFactoryBean : Initialized JPA EntityManagerFactory for persistence unit 'default'
2023-04-23T18:41:00.422+03:00  WARN 14704 --- [main] JpaBaseConfiguration$JpaWebConfiguration : spring.jpa.open-in-view is enabled by default. Therefore, database queries may be performed during view rendering. Explicitly configure spring.jpa.open-in-view to disable this warning
2023-04-23T18:41:00.549+03:00  INFO 14704 --- [main] o.s.b.a.w.s.WelcomePageHandlerMapping    : Adding welcome page: class path resource [static/index.html]
2023-04-23T18:41:01.547+03:00  INFO 14704 --- [main] o.s.s.web.DefaultSecurityFilterChain     : Will secure any request with [org.springframework.security.web.session.DisableEncodeUrlFilter@77e24d3c, org.springframework.security.web.context.request.async.WebAsyncManagerIntegrationFilter@66831b14, org.springframework.security.web.context.SecurityContextHolderFilter@d60aa4, org.springframework.security.web.header.HeaderWriterFilter@713c8cbb, org.springframework.security.web.authentication.logout.LogoutFilter@4e9d1119, com.example.security.security.JwtAuthenticationFilter@3d3c14c3, org.springframework.security.web.authentication.www.BasicAuthenticationFilter@bb3487c, org.springframework.security.web.savedrequest.RequestCacheAwareFilter@11d557a5, org.springframework.security.web.servletapi.SecurityContextHolderAwareRequestFilter@4f2a0909, org.springframework.security.web.authentication.AnonymousAuthenticationFilter@4f1ea463, org.springframework.security.web.session.SessionManagementFilter@490f2fad, org.springframework.security.web.access.ExceptionTranslationFilter@5dfb65d5, org.springframework.security.web.access.intercept.AuthorizationFilter@551976c2]
2023-04-23T18:41:01.936+03:00  INFO 14704 --- [main] c.example.security.DemoApplicationTests  : Started DemoApplicationTests in 5.68 seconds (process running for 7.436)
2023-04-23T18:41:02.031+03:00  INFO 14704 --- [SpringApplicationShutdownHook] j.LocalContainerEntityManagerFactoryBean : Closing JPA EntityManagerFactory for persistence unit 'default'
2023-04-23T18:41:02.035+03:00  INFO 14704 --- [SpringApplicationShutdownHook] com.zaxxer.hikari.HikariDataSource       : HikariPool-1 - Shutdown initiated...
2023-04-23T18:41:02.047+03:00  INFO 14704 --- [SpringApplicationShutdownHook] com.zaxxer.hikari.HikariDataSource       : HikariPool-1 - Shutdown completed.
2023-04-23T21:27:17.602+03:00  INFO 14640 --- [main] c.example.security.DemoApplicationTests  : Starting DemoApplicationTests using Java 17.0.7 with PID 14640 (started by Denis in C:\Facultate\AnII sem 2\IP\be-labs-and-courses-management\signInModule)
2023-04-23T21:27:17.605+03:00  INFO 14640 --- [main] c.example.security.DemoApplicationTests  : No active profile set, falling back to 1 default profile: "default"
2023-04-23T21:27:18.680+03:00  INFO 14640 --- [main] .s.d.r.c.RepositoryConfigurationDelegate : Bootstrapping Spring Data JPA repositories in DEFAULT mode.
2023-04-23T21:27:18.783+03:00  INFO 14640 --- [main] .s.d.r.c.RepositoryConfigurationDelegate : Finished Spring Data repository scanning in 88 ms. Found 2 JPA repository interfaces.
2023-04-23T21:27:19.491+03:00  INFO 14640 --- [main] o.hibernate.jpa.internal.util.LogHelper  : HHH000204: Processing PersistenceUnitInfo [name: default]
2023-04-23T21:27:19.575+03:00  INFO 14640 --- [main] org.hibernate.Version                    : HHH000412: Hibernate ORM core version 6.1.7.Final
2023-04-23T21:27:19.879+03:00  INFO 14640 --- [main] com.zaxxer.hikari.HikariDataSource       : HikariPool-1 - Starting...
2023-04-23T21:27:20.247+03:00  INFO 14640 --- [main] com.zaxxer.hikari.pool.HikariPool        : HikariPool-1 - Added connection org.postgresql.jdbc.PgConnection@7747cc1b
2023-04-23T21:27:20.249+03:00  INFO 14640 --- [main] com.zaxxer.hikari.HikariDataSource       : HikariPool-1 - Start completed.
2023-04-23T21:27:20.308+03:00  INFO 14640 --- [main] SQL dialect                              : HHH000400: Using dialect: org.hibernate.dialect.PostgreSQLDialect
2023-04-23T21:27:21.422+03:00  INFO 14640 --- [main] o.h.e.t.j.p.i.JtaPlatformInitiator       : HHH000490: Using JtaPlatform implementation: [org.hibernate.engine.transaction.jta.platform.internal.NoJtaPlatform]
2023-04-23T21:27:21.432+03:00  INFO 14640 --- [main] j.LocalContainerEntityManagerFactoryBean : Initialized JPA EntityManagerFactory for persistence unit 'default'
2023-04-23T21:27:22.292+03:00  WARN 14640 --- [main] JpaBaseConfiguration$JpaWebConfiguration : spring.jpa.open-in-view is enabled by default. Therefore, database queries may be performed during view rendering. Explicitly configure spring.jpa.open-in-view to disable this warning
2023-04-23T21:27:22.466+03:00  INFO 14640 --- [main] o.s.b.a.w.s.WelcomePageHandlerMapping    : Adding welcome page: class path resource [static/index.html]
2023-04-23T21:27:23.627+03:00  INFO 14640 --- [main] o.s.s.web.DefaultSecurityFilterChain     : Will secure any request with [org.springframework.security.web.session.DisableEncodeUrlFilter@45e49d3d, org.springframework.security.web.context.request.async.WebAsyncManagerIntegrationFilter@72e5206, org.springframework.security.web.context.SecurityContextHolderFilter@580a5b6e, org.springframework.security.web.header.HeaderWriterFilter@f9919a2, org.springframework.security.web.authentication.logout.LogoutFilter@85104d6, com.example.security.security.JwtAuthenticationFilter@137db13f, org.springframework.security.web.authentication.www.BasicAuthenticationFilter@56728f48, org.springframework.security.web.savedrequest.RequestCacheAwareFilter@14f1545c, org.springframework.security.web.servletapi.SecurityContextHolderAwareRequestFilter@445d878c, org.springframework.security.web.authentication.AnonymousAuthenticationFilter@4615bc00, org.springframework.security.web.session.SessionManagementFilter@2a728076, org.springframework.security.web.access.ExceptionTranslationFilter@24347d8b, org.springframework.security.web.access.intercept.AuthorizationFilter@e9947af]
2023-04-23T21:27:24.147+03:00  INFO 14640 --- [main] c.example.security.DemoApplicationTests  : Started DemoApplicationTests in 6.996 seconds (process running for 9.348)
2023-04-23T21:27:24.284+03:00  INFO 14640 --- [SpringApplicationShutdownHook] j.LocalContainerEntityManagerFactoryBean : Closing JPA EntityManagerFactory for persistence unit 'default'
2023-04-23T21:27:24.287+03:00  INFO 14640 --- [SpringApplicationShutdownHook] com.zaxxer.hikari.HikariDataSource       : HikariPool-1 - Shutdown initiated...
2023-04-23T21:27:24.292+03:00  INFO 14640 --- [SpringApplicationShutdownHook] com.zaxxer.hikari.HikariDataSource       : HikariPool-1 - Shutdown completed.
2023-04-23T21:29:29.340+03:00  INFO 11604 --- [main] c.example.security.DemoApplicationTests  : Starting DemoApplicationTests using Java 17.0.7 with PID 11604 (started by Denis in C:\Facultate\AnII sem 2\IP\be-labs-and-courses-management\signInModule)
2023-04-23T21:29:29.342+03:00  INFO 11604 --- [main] c.example.security.DemoApplicationTests  : No active profile set, falling back to 1 default profile: "default"
2023-04-23T21:29:30.342+03:00  INFO 11604 --- [main] .s.d.r.c.RepositoryConfigurationDelegate : Bootstrapping Spring Data JPA repositories in DEFAULT mode.
2023-04-23T21:29:30.429+03:00  INFO 11604 --- [main] .s.d.r.c.RepositoryConfigurationDelegate : Finished Spring Data repository scanning in 74 ms. Found 2 JPA repository interfaces.
2023-04-23T21:29:31.088+03:00  INFO 11604 --- [main] o.hibernate.jpa.internal.util.LogHelper  : HHH000204: Processing PersistenceUnitInfo [name: default]
2023-04-23T21:29:31.161+03:00  INFO 11604 --- [main] org.hibernate.Version                    : HHH000412: Hibernate ORM core version 6.1.7.Final
2023-04-23T21:29:31.429+03:00  INFO 11604 --- [main] com.zaxxer.hikari.HikariDataSource       : HikariPool-1 - Starting...
2023-04-23T21:29:31.682+03:00  INFO 11604 --- [main] com.zaxxer.hikari.pool.HikariPool        : HikariPool-1 - Added connection org.postgresql.jdbc.PgConnection@70805849
2023-04-23T21:29:31.685+03:00  INFO 11604 --- [main] com.zaxxer.hikari.HikariDataSource       : HikariPool-1 - Start completed.
2023-04-23T21:29:31.729+03:00  INFO 11604 --- [main] SQL dialect                              : HHH000400: Using dialect: org.hibernate.dialect.PostgreSQLDialect
2023-04-23T21:29:32.779+03:00  INFO 11604 --- [main] o.h.e.t.j.p.i.JtaPlatformInitiator       : HHH000490: Using JtaPlatform implementation: [org.hibernate.engine.transaction.jta.platform.internal.NoJtaPlatform]
2023-04-23T21:29:32.790+03:00  INFO 11604 --- [main] j.LocalContainerEntityManagerFactoryBean : Initialized JPA EntityManagerFactory for persistence unit 'default'
2023-04-23T21:29:33.490+03:00  WARN 11604 --- [main] JpaBaseConfiguration$JpaWebConfiguration : spring.jpa.open-in-view is enabled by default. Therefore, database queries may be performed during view rendering. Explicitly configure spring.jpa.open-in-view to disable this warning
2023-04-23T21:29:33.634+03:00  INFO 11604 --- [main] o.s.b.a.w.s.WelcomePageHandlerMapping    : Adding welcome page: class path resource [static/index.html]
2023-04-23T21:29:34.584+03:00  INFO 11604 --- [main] o.s.s.web.DefaultSecurityFilterChain     : Will secure any request with [org.springframework.security.web.session.DisableEncodeUrlFilter@4cb939d5, org.springframework.security.web.context.request.async.WebAsyncManagerIntegrationFilter@30b0f674, org.springframework.security.web.context.SecurityContextHolderFilter@85104d6, org.springframework.security.web.header.HeaderWriterFilter@4f466207, org.springframework.security.web.authentication.logout.LogoutFilter@6e140753, com.example.security.security.JwtAuthenticationFilter@f461c9c, org.springframework.security.web.authentication.www.BasicAuthenticationFilter@30a99b85, org.springframework.security.web.savedrequest.RequestCacheAwareFilter@4e773b8a, org.springframework.security.web.servletapi.SecurityContextHolderAwareRequestFilter@3ed3e66d, org.springframework.security.web.authentication.AnonymousAuthenticationFilter@62818ab0, org.springframework.security.web.session.SessionManagementFilter@3d6c7152, org.springframework.security.web.access.ExceptionTranslationFilter@14af9f51, org.springframework.security.web.access.intercept.AuthorizationFilter@2e1003d9]
2023-04-23T21:29:35.027+03:00  INFO 11604 --- [main] c.example.security.DemoApplicationTests  : Started DemoApplicationTests in 6.052 seconds (process running for 8.128)
2023-04-23T21:29:35.134+03:00  INFO 11604 --- [SpringApplicationShutdownHook] j.LocalContainerEntityManagerFactoryBean : Closing JPA EntityManagerFactory for persistence unit 'default'
2023-04-23T21:29:35.138+03:00  INFO 11604 --- [SpringApplicationShutdownHook] com.zaxxer.hikari.HikariDataSource       : HikariPool-1 - Shutdown initiated...
2023-04-23T21:29:35.145+03:00  INFO 11604 --- [SpringApplicationShutdownHook] com.zaxxer.hikari.HikariDataSource       : HikariPool-1 - Shutdown completed.
2023-04-23T21:33:43.575+03:00  INFO 12756 --- [main] c.example.security.DemoApplicationTests  : Starting DemoApplicationTests using Java 17.0.7 with PID 12756 (started by Denis in C:\Facultate\AnII sem 2\IP\be-labs-and-courses-management\signInModule)
2023-04-23T21:33:43.579+03:00  INFO 12756 --- [main] c.example.security.DemoApplicationTests  : No active profile set, falling back to 1 default profile: "default"
2023-04-23T21:33:44.765+03:00  INFO 12756 --- [main] .s.d.r.c.RepositoryConfigurationDelegate : Bootstrapping Spring Data JPA repositories in DEFAULT mode.
2023-04-23T21:33:44.863+03:00  INFO 12756 --- [main] .s.d.r.c.RepositoryConfigurationDelegate : Finished Spring Data repository scanning in 83 ms. Found 2 JPA repository interfaces.
2023-04-23T21:33:45.591+03:00  INFO 12756 --- [main] o.hibernate.jpa.internal.util.LogHelper  : HHH000204: Processing PersistenceUnitInfo [name: default]
2023-04-23T21:33:45.668+03:00  INFO 12756 --- [main] org.hibernate.Version                    : HHH000412: Hibernate ORM core version 6.1.7.Final
2023-04-23T21:33:45.991+03:00  INFO 12756 --- [main] com.zaxxer.hikari.HikariDataSource       : HikariPool-1 - Starting...
2023-04-23T21:33:46.325+03:00  INFO 12756 --- [main] com.zaxxer.hikari.pool.HikariPool        : HikariPool-1 - Added connection org.postgresql.jdbc.PgConnection@68f69ca3
2023-04-23T21:33:46.328+03:00  INFO 12756 --- [main] com.zaxxer.hikari.HikariDataSource       : HikariPool-1 - Start completed.
2023-04-23T21:33:46.376+03:00  INFO 12756 --- [main] SQL dialect                              : HHH000400: Using dialect: org.hibernate.dialect.PostgreSQLDialect
2023-04-23T21:33:47.425+03:00  INFO 12756 --- [main] o.h.e.t.j.p.i.JtaPlatformInitiator       : HHH000490: Using JtaPlatform implementation: [org.hibernate.engine.transaction.jta.platform.internal.NoJtaPlatform]
2023-04-23T21:33:47.434+03:00  INFO 12756 --- [main] j.LocalContainerEntityManagerFactoryBean : Initialized JPA EntityManagerFactory for persistence unit 'default'
2023-04-23T21:33:48.134+03:00  WARN 12756 --- [main] JpaBaseConfiguration$JpaWebConfiguration : spring.jpa.open-in-view is enabled by default. Therefore, database queries may be performed during view rendering. Explicitly configure spring.jpa.open-in-view to disable this warning
2023-04-23T21:33:48.267+03:00  INFO 12756 --- [main] o.s.b.a.w.s.WelcomePageHandlerMapping    : Adding welcome page: class path resource [static/index.html]
2023-04-23T21:33:49.183+03:00  INFO 12756 --- [main] o.s.s.web.DefaultSecurityFilterChain     : Will secure any request with [org.springframework.security.web.session.DisableEncodeUrlFilter@531ed68e, org.springframework.security.web.context.request.async.WebAsyncManagerIntegrationFilter@551976c2, org.springframework.security.web.context.SecurityContextHolderFilter@16422f27, org.springframework.security.web.header.HeaderWriterFilter@119f035f, org.springframework.security.web.authentication.logout.LogoutFilter@fdfd984, com.example.security.security.JwtAuthenticationFilter@253379ec, org.springframework.security.web.authentication.www.BasicAuthenticationFilter@4ed90b04, org.springframework.security.web.savedrequest.RequestCacheAwareFilter@f4aec23, org.springframework.security.web.servletapi.SecurityContextHolderAwareRequestFilter@282079b9, org.springframework.security.web.authentication.AnonymousAuthenticationFilter@6bbd4048, org.springframework.security.web.session.SessionManagementFilter@7aa62a90, org.springframework.security.web.access.ExceptionTranslationFilter@445d878c, org.springframework.security.web.access.intercept.AuthorizationFilter@48cebb78]
2023-04-23T21:33:49.719+03:00  INFO 12756 --- [main] c.example.security.DemoApplicationTests  : Started DemoApplicationTests in 6.548 seconds (process running for 8.721)
2023-04-23T21:33:49.934+03:00  INFO 12756 --- [SpringApplicationShutdownHook] j.LocalContainerEntityManagerFactoryBean : Closing JPA EntityManagerFactory for persistence unit 'default'
2023-04-23T21:33:49.937+03:00  INFO 12756 --- [SpringApplicationShutdownHook] com.zaxxer.hikari.HikariDataSource       : HikariPool-1 - Shutdown initiated...
2023-04-23T21:33:49.943+03:00  INFO 12756 --- [SpringApplicationShutdownHook] com.zaxxer.hikari.HikariDataSource       : HikariPool-1 - Shutdown completed.
2023-04-23T21:34:40.454+03:00  INFO 11352 --- [main] c.example.security.DemoApplicationTests  : Starting DemoApplicationTests using Java 17.0.7 with PID 11352 (started by Denis in C:\Facultate\AnII sem 2\IP\be-labs-and-courses-management\signInModule)
2023-04-23T21:34:40.457+03:00  INFO 11352 --- [main] c.example.security.DemoApplicationTests  : No active profile set, falling back to 1 default profile: "default"
2023-04-23T21:34:41.542+03:00  INFO 11352 --- [main] .s.d.r.c.RepositoryConfigurationDelegate : Bootstrapping Spring Data JPA repositories in DEFAULT mode.
2023-04-23T21:34:41.632+03:00  INFO 11352 --- [main] .s.d.r.c.RepositoryConfigurationDelegate : Finished Spring Data repository scanning in 75 ms. Found 2 JPA repository interfaces.
2023-04-23T21:34:42.416+03:00  INFO 11352 --- [main] o.hibernate.jpa.internal.util.LogHelper  : HHH000204: Processing PersistenceUnitInfo [name: default]
2023-04-23T21:34:42.514+03:00  INFO 11352 --- [main] org.hibernate.Version                    : HHH000412: Hibernate ORM core version 6.1.7.Final
2023-04-23T21:34:42.818+03:00  INFO 11352 --- [main] com.zaxxer.hikari.HikariDataSource       : HikariPool-1 - Starting...
2023-04-23T21:34:43.128+03:00  INFO 11352 --- [main] com.zaxxer.hikari.pool.HikariPool        : HikariPool-1 - Added connection org.postgresql.jdbc.PgConnection@4805069b
2023-04-23T21:34:43.132+03:00  INFO 11352 --- [main] com.zaxxer.hikari.HikariDataSource       : HikariPool-1 - Start completed.
2023-04-23T21:34:43.188+03:00  INFO 11352 --- [main] SQL dialect                              : HHH000400: Using dialect: org.hibernate.dialect.PostgreSQLDialect
2023-04-23T21:34:44.316+03:00  INFO 11352 --- [main] o.h.e.t.j.p.i.JtaPlatformInitiator       : HHH000490: Using JtaPlatform implementation: [org.hibernate.engine.transaction.jta.platform.internal.NoJtaPlatform]
2023-04-23T21:34:44.330+03:00  INFO 11352 --- [main] j.LocalContainerEntityManagerFactoryBean : Initialized JPA EntityManagerFactory for persistence unit 'default'
2023-04-23T21:34:45.092+03:00  WARN 11352 --- [main] JpaBaseConfiguration$JpaWebConfiguration : spring.jpa.open-in-view is enabled by default. Therefore, database queries may be performed during view rendering. Explicitly configure spring.jpa.open-in-view to disable this warning
2023-04-23T21:34:45.241+03:00  INFO 11352 --- [main] o.s.b.a.w.s.WelcomePageHandlerMapping    : Adding welcome page: class path resource [static/index.html]
2023-04-23T21:34:46.238+03:00  INFO 11352 --- [main] o.s.s.web.DefaultSecurityFilterChain     : Will secure any request with [org.springframework.security.web.session.DisableEncodeUrlFilter@779cda39, org.springframework.security.web.context.request.async.WebAsyncManagerIntegrationFilter@4205d1c9, org.springframework.security.web.context.SecurityContextHolderFilter@4ad57db1, org.springframework.security.web.header.HeaderWriterFilter@5e6ad84c, org.springframework.security.web.authentication.logout.LogoutFilter@77e24d3c, com.example.security.security.JwtAuthenticationFilter@554db19d, org.springframework.security.web.authentication.www.BasicAuthenticationFilter@1ee5792a, org.springframework.security.web.savedrequest.RequestCacheAwareFilter@53bc6492, org.springframework.security.web.servletapi.SecurityContextHolderAwareRequestFilter@19240b9, org.springframework.security.web.authentication.AnonymousAuthenticationFilter@4512f5f1, org.springframework.security.web.session.SessionManagementFilter@23d0f6be, org.springframework.security.web.access.ExceptionTranslationFilter@34947355, org.springframework.security.web.access.intercept.AuthorizationFilter@13f255ed]
2023-04-23T21:34:46.725+03:00  INFO 11352 --- [main] c.example.security.DemoApplicationTests  : Started DemoApplicationTests in 6.668 seconds (process running for 8.691)
2023-04-23T21:34:46.948+03:00  INFO 11352 --- [SpringApplicationShutdownHook] j.LocalContainerEntityManagerFactoryBean : Closing JPA EntityManagerFactory for persistence unit 'default'
2023-04-23T21:34:46.951+03:00  INFO 11352 --- [SpringApplicationShutdownHook] com.zaxxer.hikari.HikariDataSource       : HikariPool-1 - Shutdown initiated...
2023-04-23T21:34:46.955+03:00  INFO 11352 --- [SpringApplicationShutdownHook] com.zaxxer.hikari.HikariDataSource       : HikariPool-1 - Shutdown completed.
2023-04-23T21:40:53.403+03:00  INFO 2544 --- [main] c.example.security.DemoApplicationTests  : Starting DemoApplicationTests using Java 19.0.2 with PID 2544 (started by Denis in C:\Facultate\AnII sem 2\IP\be-labs-and-courses-management\signInModule)
2023-04-23T21:40:53.405+03:00  INFO 2544 --- [main] c.example.security.DemoApplicationTests  : No active profile set, falling back to 1 default profile: "default"
2023-04-23T21:40:54.397+03:00  INFO 2544 --- [main] .s.d.r.c.RepositoryConfigurationDelegate : Bootstrapping Spring Data JPA repositories in DEFAULT mode.
2023-04-23T21:40:54.463+03:00  INFO 2544 --- [main] .s.d.r.c.RepositoryConfigurationDelegate : Finished Spring Data repository scanning in 59 ms. Found 2 JPA repository interfaces.
2023-04-23T21:40:55.085+03:00  INFO 2544 --- [main] o.hibernate.jpa.internal.util.LogHelper  : HHH000204: Processing PersistenceUnitInfo [name: default]
2023-04-23T21:40:55.159+03:00  INFO 2544 --- [main] org.hibernate.Version                    : HHH000412: Hibernate ORM core version 6.1.7.Final
2023-04-23T21:40:55.549+03:00  INFO 2544 --- [main] com.zaxxer.hikari.HikariDataSource       : HikariPool-1 - Starting...
2023-04-23T21:40:55.805+03:00  INFO 2544 --- [main] com.zaxxer.hikari.pool.HikariPool        : HikariPool-1 - Added connection org.postgresql.jdbc.PgConnection@5e68be2
2023-04-23T21:40:55.807+03:00  INFO 2544 --- [main] com.zaxxer.hikari.HikariDataSource       : HikariPool-1 - Start completed.
2023-04-23T21:40:55.847+03:00  INFO 2544 --- [main] SQL dialect                              : HHH000400: Using dialect: org.hibernate.dialect.PostgreSQLDialect
2023-04-23T21:40:56.967+03:00  INFO 2544 --- [main] o.h.e.t.j.p.i.JtaPlatformInitiator       : HHH000490: Using JtaPlatform implementation: [org.hibernate.engine.transaction.jta.platform.internal.NoJtaPlatform]
2023-04-23T21:40:56.979+03:00  INFO 2544 --- [main] j.LocalContainerEntityManagerFactoryBean : Initialized JPA EntityManagerFactory for persistence unit 'default'
2023-04-23T21:40:57.704+03:00  WARN 2544 --- [main] JpaBaseConfiguration$JpaWebConfiguration : spring.jpa.open-in-view is enabled by default. Therefore, database queries may be performed during view rendering. Explicitly configure spring.jpa.open-in-view to disable this warning
2023-04-23T21:40:57.822+03:00  INFO 2544 --- [main] o.s.b.a.w.s.WelcomePageHandlerMapping    : Adding welcome page: class path resource [static/index.html]
2023-04-23T21:40:58.842+03:00  INFO 2544 --- [main] o.s.s.web.DefaultSecurityFilterChain     : Will secure any request with [org.springframework.security.web.session.DisableEncodeUrlFilter@2b55ea4d, org.springframework.security.web.context.request.async.WebAsyncManagerIntegrationFilter@63ede2a0, org.springframework.security.web.context.SecurityContextHolderFilter@551725e4, org.springframework.security.web.header.HeaderWriterFilter@74e1d60b, org.springframework.security.web.authentication.logout.LogoutFilter@ab2e887, com.example.security.security.JwtAuthenticationFilter@2b85edc7, org.springframework.security.web.authentication.www.BasicAuthenticationFilter@351fadfa, org.springframework.security.web.savedrequest.RequestCacheAwareFilter@5cb6b81b, org.springframework.security.web.servletapi.SecurityContextHolderAwareRequestFilter@32d46229, org.springframework.security.web.authentication.AnonymousAuthenticationFilter@57df93c1, org.springframework.security.web.session.SessionManagementFilter@14d6ede3, org.springframework.security.web.access.ExceptionTranslationFilter@43255f91, org.springframework.security.web.access.intercept.AuthorizationFilter@14745c3c]
2023-04-23T21:40:59.342+03:00  INFO 2544 --- [main] c.example.security.DemoApplicationTests  : Started DemoApplicationTests in 6.365 seconds (process running for 7.693)
2023-04-23T21:40:59.571+03:00  INFO 2544 --- [SpringApplicationShutdownHook] j.LocalContainerEntityManagerFactoryBean : Closing JPA EntityManagerFactory for persistence unit 'default'
2023-04-23T21:40:59.579+03:00  INFO 2544 --- [SpringApplicationShutdownHook] com.zaxxer.hikari.HikariDataSource       : HikariPool-1 - Shutdown initiated...
2023-04-23T21:40:59.585+03:00  INFO 2544 --- [SpringApplicationShutdownHook] com.zaxxer.hikari.HikariDataSource       : HikariPool-1 - Shutdown completed.
2023-04-23T21:41:37.270+03:00  INFO 12404 --- [main] c.example.security.DemoApplicationTests  : Starting DemoApplicationTests using Java 17.0.7 with PID 12404 (started by Denis in C:\Facultate\AnII sem 2\IP\be-labs-and-courses-management\signInModule)
2023-04-23T21:41:37.274+03:00  INFO 12404 --- [main] c.example.security.DemoApplicationTests  : No active profile set, falling back to 1 default profile: "default"
2023-04-23T21:41:38.350+03:00  INFO 12404 --- [main] .s.d.r.c.RepositoryConfigurationDelegate : Bootstrapping Spring Data JPA repositories in DEFAULT mode.
2023-04-23T21:41:38.429+03:00  INFO 12404 --- [main] .s.d.r.c.RepositoryConfigurationDelegate : Finished Spring Data repository scanning in 67 ms. Found 2 JPA repository interfaces.
2023-04-23T21:41:39.085+03:00  INFO 12404 --- [main] o.hibernate.jpa.internal.util.LogHelper  : HHH000204: Processing PersistenceUnitInfo [name: default]
2023-04-23T21:41:39.165+03:00  INFO 12404 --- [main] org.hibernate.Version                    : HHH000412: Hibernate ORM core version 6.1.7.Final
2023-04-23T21:41:39.433+03:00  INFO 12404 --- [main] com.zaxxer.hikari.HikariDataSource       : HikariPool-1 - Starting...
2023-04-23T21:41:39.702+03:00  INFO 12404 --- [main] com.zaxxer.hikari.pool.HikariPool        : HikariPool-1 - Added connection org.postgresql.jdbc.PgConnection@2842c098
2023-04-23T21:41:39.705+03:00  INFO 12404 --- [main] com.zaxxer.hikari.HikariDataSource       : HikariPool-1 - Start completed.
2023-04-23T21:41:39.753+03:00  INFO 12404 --- [main] SQL dialect                              : HHH000400: Using dialect: org.hibernate.dialect.PostgreSQLDialect
2023-04-23T21:41:40.716+03:00  INFO 12404 --- [main] o.h.e.t.j.p.i.JtaPlatformInitiator       : HHH000490: Using JtaPlatform implementation: [org.hibernate.engine.transaction.jta.platform.internal.NoJtaPlatform]
2023-04-23T21:41:40.725+03:00  INFO 12404 --- [main] j.LocalContainerEntityManagerFactoryBean : Initialized JPA EntityManagerFactory for persistence unit 'default'
2023-04-23T21:41:41.385+03:00  WARN 12404 --- [main] JpaBaseConfiguration$JpaWebConfiguration : spring.jpa.open-in-view is enabled by default. Therefore, database queries may be performed during view rendering. Explicitly configure spring.jpa.open-in-view to disable this warning
2023-04-23T21:41:41.515+03:00  INFO 12404 --- [main] o.s.b.a.w.s.WelcomePageHandlerMapping    : Adding welcome page: class path resource [static/index.html]
2023-04-23T21:41:42.497+03:00  INFO 12404 --- [main] o.s.s.web.DefaultSecurityFilterChain     : Will secure any request with [org.springframework.security.web.session.DisableEncodeUrlFilter@5799b8a2, org.springframework.security.web.context.request.async.WebAsyncManagerIntegrationFilter@5f662dd, org.springframework.security.web.context.SecurityContextHolderFilter@313a3af8, org.springframework.security.web.header.HeaderWriterFilter@281d3ce7, org.springframework.security.web.authentication.logout.LogoutFilter@18ed8b75, com.example.security.security.JwtAuthenticationFilter@63767d, org.springframework.security.web.authentication.www.BasicAuthenticationFilter@4512f5f1, org.springframework.security.web.savedrequest.RequestCacheAwareFilter@5471342, org.springframework.security.web.servletapi.SecurityContextHolderAwareRequestFilter@6079d219, org.springframework.security.web.authentication.AnonymousAuthenticationFilter@38568876, org.springframework.security.web.session.SessionManagementFilter@53bc6492, org.springframework.security.web.access.ExceptionTranslationFilter@5e528476, org.springframework.security.web.access.intercept.AuthorizationFilter@3d84f113]
2023-04-23T21:41:42.998+03:00  INFO 12404 --- [main] c.example.security.DemoApplicationTests  : Started DemoApplicationTests in 6.125 seconds (process running for 8.303)
2023-04-23T21:41:43.196+03:00  INFO 12404 --- [SpringApplicationShutdownHook] j.LocalContainerEntityManagerFactoryBean : Closing JPA EntityManagerFactory for persistence unit 'default'
2023-04-23T21:41:43.199+03:00  INFO 12404 --- [SpringApplicationShutdownHook] com.zaxxer.hikari.HikariDataSource       : HikariPool-1 - Shutdown initiated...
2023-04-23T21:41:43.206+03:00  INFO 12404 --- [SpringApplicationShutdownHook] com.zaxxer.hikari.HikariDataSource       : HikariPool-1 - Shutdown completed.
2023-04-23T21:44:38.815+03:00  INFO 9776 --- [main] c.example.security.DemoApplicationTests  : Starting DemoApplicationTests using Java 17.0.7 with PID 9776 (started by Denis in C:\Facultate\AnII sem 2\IP\be-labs-and-courses-management\signInModule)
2023-04-23T21:44:38.818+03:00  INFO 9776 --- [main] c.example.security.DemoApplicationTests  : No active profile set, falling back to 1 default profile: "default"
2023-04-23T21:44:40.525+03:00  INFO 9776 --- [main] .s.d.r.c.RepositoryConfigurationDelegate : Bootstrapping Spring Data JPA repositories in DEFAULT mode.
2023-04-23T21:44:40.626+03:00  INFO 9776 --- [main] .s.d.r.c.RepositoryConfigurationDelegate : Finished Spring Data repository scanning in 83 ms. Found 2 JPA repository interfaces.
2023-04-23T21:44:41.686+03:00  INFO 9776 --- [main] o.hibernate.jpa.internal.util.LogHelper  : HHH000204: Processing PersistenceUnitInfo [name: default]
2023-04-23T21:44:41.834+03:00  INFO 9776 --- [main] org.hibernate.Version                    : HHH000412: Hibernate ORM core version 6.1.7.Final
2023-04-23T21:44:42.419+03:00  INFO 9776 --- [main] com.zaxxer.hikari.HikariDataSource       : HikariPool-1 - Starting...
2023-04-23T21:44:42.865+03:00  INFO 9776 --- [main] com.zaxxer.hikari.pool.HikariPool        : HikariPool-1 - Added connection org.postgresql.jdbc.PgConnection@2254919b
2023-04-23T21:44:42.868+03:00  INFO 9776 --- [main] com.zaxxer.hikari.HikariDataSource       : HikariPool-1 - Start completed.
2023-04-23T21:44:42.933+03:00  INFO 9776 --- [main] SQL dialect                              : HHH000400: Using dialect: org.hibernate.dialect.PostgreSQLDialect
2023-04-23T21:44:44.527+03:00  INFO 9776 --- [main] o.h.e.t.j.p.i.JtaPlatformInitiator       : HHH000490: Using JtaPlatform implementation: [org.hibernate.engine.transaction.jta.platform.internal.NoJtaPlatform]
2023-04-23T21:44:44.556+03:00  INFO 9776 --- [main] j.LocalContainerEntityManagerFactoryBean : Initialized JPA EntityManagerFactory for persistence unit 'default'
2023-04-23T21:44:45.495+03:00  WARN 9776 --- [main] JpaBaseConfiguration$JpaWebConfiguration : spring.jpa.open-in-view is enabled by default. Therefore, database queries may be performed during view rendering. Explicitly configure spring.jpa.open-in-view to disable this warning
2023-04-23T21:44:45.690+03:00  INFO 9776 --- [main] o.s.b.a.w.s.WelcomePageHandlerMapping    : Adding welcome page: class path resource [static/index.html]
2023-04-23T21:44:46.913+03:00  INFO 9776 --- [main] o.s.s.web.DefaultSecurityFilterChain     : Will secure any request with [org.springframework.security.web.session.DisableEncodeUrlFilter@bc83665, org.springframework.security.web.context.request.async.WebAsyncManagerIntegrationFilter@7be7613f, org.springframework.security.web.context.SecurityContextHolderFilter@74df38c0, org.springframework.security.web.header.HeaderWriterFilter@2dad9e6a, org.springframework.security.web.authentication.logout.LogoutFilter@1bc7745d, com.example.security.security.JwtAuthenticationFilter@14001fb7, org.springframework.security.web.authentication.www.BasicAuthenticationFilter@6612d9aa, org.springframework.security.web.savedrequest.RequestCacheAwareFilter@5acf7f12, org.springframework.security.web.servletapi.SecurityContextHolderAwareRequestFilter@66c937dd, org.springframework.security.web.authentication.AnonymousAuthenticationFilter@75e2d919, org.springframework.security.web.session.SessionManagementFilter@79c7d95a, org.springframework.security.web.access.ExceptionTranslationFilter@549f0e14, org.springframework.security.web.access.intercept.AuthorizationFilter@74d450fb]
2023-04-23T21:44:47.635+03:00  INFO 9776 --- [main] c.example.security.DemoApplicationTests  : Started DemoApplicationTests in 9.442 seconds (process running for 13.767)
2023-04-23T21:44:47.862+03:00  INFO 9776 --- [SpringApplicationShutdownHook] j.LocalContainerEntityManagerFactoryBean : Closing JPA EntityManagerFactory for persistence unit 'default'
2023-04-23T21:44:48.102+03:00  INFO 9776 --- [SpringApplicationShutdownHook] com.zaxxer.hikari.HikariDataSource       : HikariPool-1 - Shutdown initiated...
2023-04-23T21:44:48.107+03:00  INFO 9776 --- [SpringApplicationShutdownHook] com.zaxxer.hikari.HikariDataSource       : HikariPool-1 - Shutdown completed.
2023-04-23T21:47:00.499+03:00  INFO 9172 --- [main] c.example.security.DemoApplicationTests  : Starting DemoApplicationTests using Java 19.0.2 with PID 9172 (started by Denis in C:\Facultate\AnII sem 2\IP\be-labs-and-courses-management\signInModule)
2023-04-23T21:47:00.502+03:00  INFO 9172 --- [main] c.example.security.DemoApplicationTests  : No active profile set, falling back to 1 default profile: "default"
2023-04-23T21:47:01.664+03:00  INFO 9172 --- [main] .s.d.r.c.RepositoryConfigurationDelegate : Bootstrapping Spring Data JPA repositories in DEFAULT mode.
2023-04-23T21:47:01.747+03:00  INFO 9172 --- [main] .s.d.r.c.RepositoryConfigurationDelegate : Finished Spring Data repository scanning in 72 ms. Found 2 JPA repository interfaces.
2023-04-23T21:47:02.446+03:00  INFO 9172 --- [main] o.hibernate.jpa.internal.util.LogHelper  : HHH000204: Processing PersistenceUnitInfo [name: default]
2023-04-23T21:47:02.532+03:00  INFO 9172 --- [main] org.hibernate.Version                    : HHH000412: Hibernate ORM core version 6.1.7.Final
2023-04-23T21:47:03.176+03:00  INFO 9172 --- [main] com.zaxxer.hikari.HikariDataSource       : HikariPool-1 - Starting...
2023-04-23T21:47:03.531+03:00  INFO 9172 --- [main] com.zaxxer.hikari.pool.HikariPool        : HikariPool-1 - Added connection org.postgresql.jdbc.PgConnection@1e734eee
2023-04-23T21:47:03.534+03:00  INFO 9172 --- [main] com.zaxxer.hikari.HikariDataSource       : HikariPool-1 - Start completed.
2023-04-23T21:47:03.580+03:00  INFO 9172 --- [main] SQL dialect                              : HHH000400: Using dialect: org.hibernate.dialect.PostgreSQLDialect
2023-04-23T21:47:05.114+03:00  INFO 9172 --- [main] o.h.e.t.j.p.i.JtaPlatformInitiator       : HHH000490: Using JtaPlatform implementation: [org.hibernate.engine.transaction.jta.platform.internal.NoJtaPlatform]
2023-04-23T21:47:05.127+03:00  INFO 9172 --- [main] j.LocalContainerEntityManagerFactoryBean : Initialized JPA EntityManagerFactory for persistence unit 'default'
2023-04-23T21:47:06.048+03:00  WARN 9172 --- [main] JpaBaseConfiguration$JpaWebConfiguration : spring.jpa.open-in-view is enabled by default. Therefore, database queries may be performed during view rendering. Explicitly configure spring.jpa.open-in-view to disable this warning
2023-04-23T21:47:06.192+03:00  INFO 9172 --- [main] o.s.b.a.w.s.WelcomePageHandlerMapping    : Adding welcome page: class path resource [static/index.html]
2023-04-23T21:47:07.769+03:00  INFO 9172 --- [main] o.s.s.web.DefaultSecurityFilterChain     : Will secure any request with [org.springframework.security.web.session.DisableEncodeUrlFilter@1390a415, org.springframework.security.web.context.request.async.WebAsyncManagerIntegrationFilter@3a5b1af7, org.springframework.security.web.context.SecurityContextHolderFilter@4518497e, org.springframework.security.web.header.HeaderWriterFilter@4a1c14a6, org.springframework.security.web.authentication.logout.LogoutFilter@447a557b, com.example.security.security.JwtAuthenticationFilter@1f251bf1, org.springframework.security.web.authentication.www.BasicAuthenticationFilter@8942ece, org.springframework.security.web.savedrequest.RequestCacheAwareFilter@7388486e, org.springframework.security.web.servletapi.SecurityContextHolderAwareRequestFilter@136a4800, org.springframework.security.web.authentication.AnonymousAuthenticationFilter@4932d580, org.springframework.security.web.session.SessionManagementFilter@5519ef7d, org.springframework.security.web.access.ExceptionTranslationFilter@310cc4d, org.springframework.security.web.access.intercept.AuthorizationFilter@4e212f46]
2023-04-23T21:47:09.348+03:00  INFO 9172 --- [main] c.example.security.DemoApplicationTests  : Started DemoApplicationTests in 9.309 seconds (process running for 10.756)
2023-04-23T21:47:09.877+03:00  INFO 9172 --- [SpringApplicationShutdownHook] j.LocalContainerEntityManagerFactoryBean : Closing JPA EntityManagerFactory for persistence unit 'default'
2023-04-23T21:47:09.882+03:00  INFO 9172 --- [SpringApplicationShutdownHook] com.zaxxer.hikari.HikariDataSource       : HikariPool-1 - Shutdown initiated...
2023-04-23T21:47:09.887+03:00  INFO 9172 --- [SpringApplicationShutdownHook] com.zaxxer.hikari.HikariDataSource       : HikariPool-1 - Shutdown completed.
